{"level":"info","message":"SACS Node server rodando em http://0.0.0.0:3000","service":"sacs-backend-node","timestamp":"2025-08-12 15:44:38"}
{"level":"error","message":"Erro ao inicializar cliente WhatsApp: Could not find expected browser (chrome) locally. Run `npm install` to download the correct Chromium revision (1045629).","service":"sacs-backend-node","timestamp":"2025-08-12 15:44:38"}
{"level":"info","message":"SACS Node server rodando em http://0.0.0.0:3000","service":"sacs-backend-node","timestamp":"2025-08-12 15:46:25"}
{"level":"error","message":"Erro ao inicializar cliente WhatsApp: Could not find expected browser (chrome) locally. Run `npm install` to download the correct Chromium revision (1045629).","service":"sacs-backend-node","timestamp":"2025-08-12 15:46:25"}
{"level":"info","message":"SACS Node server rodando em http://0.0.0.0:3000","service":"sacs-backend-node","timestamp":"2025-08-12 15:47:31"}
{"level":"error","message":"Erro ao inicializar cliente WhatsApp: Could not find expected browser (chrome) locally. Run `npm install` to download the correct Chromium revision (1045629).","service":"sacs-backend-node","timestamp":"2025-08-12 15:47:31"}
{"level":"info","message":"SACS Node server rodando em http://0.0.0.0:3000","service":"sacs-backend-node","timestamp":"2025-08-12 15:48:27"}
{"level":"error","message":"Erro ao inicializar cliente WhatsApp: Could not find expected browser (chrome) locally. Run `npm install` to download the correct Chromium revision (1045629).","service":"sacs-backend-node","timestamp":"2025-08-12 15:48:27"}
{"level":"info","message":"SACS Node server rodando em http://0.0.0.0:3000","service":"sacs-backend-node","timestamp":"2025-08-12 15:50:21"}
{"level":"error","message":"Erro ao inicializar cliente WhatsApp: Could not find expected browser (chrome) locally. Run `npm install` to download the correct Chromium revision (1045629).","service":"sacs-backend-node","timestamp":"2025-08-12 15:50:21"}
{"level":"info","message":"SACS Node server rodando em http://0.0.0.0:3000","service":"sacs-backend-node","timestamp":"2025-08-12 16:22:42"}
{"level":"error","message":"Erro ao inicializar cliente WhatsApp: Could not find expected browser (chrome) locally. Run `npm install` to download the correct Chromium revision (1045629).","service":"sacs-backend-node","timestamp":"2025-08-12 16:22:42"}
{"level":"info","message":"SACS Node server rodando em http://0.0.0.0:3000","service":"sacs-backend-node","timestamp":"2025-08-12 16:23:38"}
{"level":"error","message":"Erro ao inicializar cliente WhatsApp: Could not find expected browser (chrome) locally. Run `npm install` to download the correct Chromium revision (1045629).","service":"sacs-backend-node","timestamp":"2025-08-12 16:23:39"}
{"level":"info","message":"SACS Node server rodando em http://0.0.0.0:3000","service":"sacs-backend-node","timestamp":"2025-08-12 16:23:47"}
{"level":"error","message":"Erro ao inicializar cliente WhatsApp: Could not find expected browser (chrome) locally. Run `npm install` to download the correct Chromium revision (1045629).","service":"sacs-backend-node","timestamp":"2025-08-12 16:23:47"}
{"level":"info","message":"SACS Node server rodando em http://0.0.0.0:3000","service":"sacs-backend-node","timestamp":"2025-08-12 16:25:42"}
{"level":"error","message":"Erro ao inicializar cliente WhatsApp: Could not find expected browser (chrome) locally. Run `npm install` to download the correct Chromium revision (1045629).","service":"sacs-backend-node","timestamp":"2025-08-12 16:25:42"}
{"level":"info","message":"SACS Node server rodando em http://0.0.0.0:3000","service":"sacs-backend-node","timestamp":"2025-08-12 16:34:55"}
{"level":"error","message":"Erro ao inicializar cliente WhatsApp: Could not find expected browser (chrome) locally. Run `npm install` to download the correct Chromium revision (1045629).","service":"sacs-backend-node","timestamp":"2025-08-12 16:34:55"}
{"level":"info","message":"SACS Node server rodando em http://0.0.0.0:3000","service":"sacs-backend-node","timestamp":"2025-08-12 16:35:08"}
{"level":"error","message":"Erro ao inicializar cliente WhatsApp: Could not find expected browser (chrome) locally. Run `npm install` to download the correct Chromium revision (1045629).","service":"sacs-backend-node","timestamp":"2025-08-12 16:35:08"}
{"level":"info","message":"SACS Node server rodando em http://0.0.0.0:3000","service":"sacs-backend-node","timestamp":"2025-08-12 16:40:46"}
{"level":"error","message":"Erro ao inicializar cliente WhatsApp: Could not find expected browser (chrome) locally. Run `npm install` to download the correct Chromium revision (1045629).","service":"sacs-backend-node","timestamp":"2025-08-12 16:40:46"}
{"level":"info","message":"SACS Node server rodando em http://0.0.0.0:3000","service":"sacs-backend-node","timestamp":"2025-08-12 16:40:52"}
{"level":"error","message":"Erro ao inicializar cliente WhatsApp: Could not find expected browser (chrome) locally. Run `npm install` to download the correct Chromium revision (1045629).","service":"sacs-backend-node","timestamp":"2025-08-12 16:40:52"}
{"level":"info","message":"SACS Node server rodando em http://0.0.0.0:3000","service":"sacs-backend-node","timestamp":"2025-08-12 16:41:00"}
{"level":"error","message":"Erro ao inicializar cliente WhatsApp: Could not find expected browser (chrome) locally. Run `npm install` to download the correct Chromium revision (1045629).","service":"sacs-backend-node","timestamp":"2025-08-12 16:41:00"}
{"level":"info","message":"SACS Node server rodando em http://0.0.0.0:3000","service":"sacs-backend-node","timestamp":"2025-08-12 16:41:06"}
{"level":"error","message":"Erro ao inicializar cliente WhatsApp: Could not find expected browser (chrome) locally. Run `npm install` to download the correct Chromium revision (1045629).","service":"sacs-backend-node","timestamp":"2025-08-12 16:41:06"}
{"level":"info","message":"SACS Node server rodando em http://0.0.0.0:3000","service":"sacs-backend-node","timestamp":"2025-08-12 16:41:12"}
{"level":"error","message":"Erro ao inicializar cliente WhatsApp: Could not find expected browser (chrome) locally. Run `npm install` to download the correct Chromium revision (1045629).","service":"sacs-backend-node","timestamp":"2025-08-12 16:41:12"}
{"level":"info","message":"SACS Node server rodando em http://0.0.0.0:3000","service":"sacs-backend-node","timestamp":"2025-08-12 16:42:24"}
{"level":"error","message":"Erro ao inicializar cliente WhatsApp: Could not find expected browser (chrome) locally. Run `npm install` to download the correct Chromium revision (1045629).","service":"sacs-backend-node","timestamp":"2025-08-12 16:42:24"}
{"level":"info","message":"SACS Node server rodando em http://0.0.0.0:3000","service":"sacs-backend-node","timestamp":"2025-08-12 16:42:30"}
{"level":"error","message":"Erro ao inicializar cliente WhatsApp: Could not find expected browser (chrome) locally. Run `npm install` to download the correct Chromium revision (1045629).","service":"sacs-backend-node","timestamp":"2025-08-12 16:42:30"}
{"level":"info","message":"SACS Node server rodando em http://0.0.0.0:3000","service":"sacs-backend-node","timestamp":"2025-08-12 16:42:34"}
{"level":"error","message":"Erro ao inicializar cliente WhatsApp: Could not find expected browser (chrome) locally. Run `npm install` to download the correct Chromium revision (1045629).","service":"sacs-backend-node","timestamp":"2025-08-12 16:42:34"}
{"level":"info","message":"SACS Node server rodando em http://0.0.0.0:3000","service":"sacs-backend-node","timestamp":"2025-08-12 16:42:41"}
{"level":"error","message":"Erro ao inicializar cliente WhatsApp: Could not find expected browser (chrome) locally. Run `npm install` to download the correct Chromium revision (1045629).","service":"sacs-backend-node","timestamp":"2025-08-12 16:42:41"}
{"level":"info","message":"SACS Node server rodando em http://0.0.0.0:3000","service":"sacs-backend-node","timestamp":"2025-08-12 16:42:48"}
{"level":"error","message":"Erro ao inicializar cliente WhatsApp: Could not find expected browser (chrome) locally. Run `npm install` to download the correct Chromium revision (1045629).","service":"sacs-backend-node","timestamp":"2025-08-12 16:42:48"}
{"level":"info","message":"SACS Node server rodando em http://0.0.0.0:3000","service":"sacs-backend-node","timestamp":"2025-08-12 16:43:44"}
{"level":"error","message":"Erro ao inicializar cliente WhatsApp: Could not find expected browser (chrome) locally. Run `npm install` to download the correct Chromium revision (1045629).","service":"sacs-backend-node","timestamp":"2025-08-12 16:43:44"}
{"level":"info","message":"SACS Node server rodando em http://0.0.0.0:3000","service":"sacs-backend-node","timestamp":"2025-08-12 16:47:19"}
{"level":"error","message":"Erro ao inicializar cliente WhatsApp: Could not find expected browser (chrome) locally. Run `npm install` to download the correct Chromium revision (1045629).","service":"sacs-backend-node","timestamp":"2025-08-12 16:47:19"}
{"level":"info","message":"SACS Node server rodando em http://0.0.0.0:3000","service":"sacs-backend-node","timestamp":"2025-08-12 17:31:24"}
{"level":"error","message":"Erro ao inicializar cliente WhatsApp: Could not find expected browser (chrome) locally. Run `npm install` to download the correct Chromium revision (1045629).","service":"sacs-backend-node","timestamp":"2025-08-12 17:31:24"}
{"level":"info","message":"SACS Node server rodando em http://0.0.0.0:3000","service":"sacs-backend-node","timestamp":"2025-08-12 17:37:19"}
{"level":"error","message":"Erro ao inicializar cliente WhatsApp: Could not find expected browser (chrome) locally. Run `npm install` to download the correct Chromium revision (1045629).","service":"sacs-backend-node","timestamp":"2025-08-12 17:37:19"}
{"level":"info","message":"SACS Node server rodando em http://0.0.0.0:3000","service":"sacs-backend-node","timestamp":"2025-08-12 17:48:57"}
{"level":"error","message":"Erro ao inicializar cliente WhatsApp: Could not find expected browser (chrome) locally. Run `npm install` to download the correct Chromium revision (1045629).","service":"sacs-backend-node","timestamp":"2025-08-12 17:48:57"}
{"level":"info","message":"SACS Node server rodando em http://0.0.0.0:3000","service":"sacs-backend-node","timestamp":"2025-08-12 18:56:53"}
{"level":"info","message":"QR code atualizado","service":"sacs-backend-node","timestamp":"2025-08-12 18:57:02"}
{"level":"info","message":"QR code atualizado","service":"sacs-backend-node","timestamp":"2025-08-12 18:58:02"}
{"level":"info","message":"QR code atualizado","service":"sacs-backend-node","timestamp":"2025-08-12 18:58:22"}
{"level":"info","message":"QR code atualizado","service":"sacs-backend-node","timestamp":"2025-08-12 18:58:42"}
{"level":"info","message":"QR code atualizado","service":"sacs-backend-node","timestamp":"2025-08-12 18:59:02"}
{"level":"info","message":"QR code atualizado","service":"sacs-backend-node","timestamp":"2025-08-12 18:59:22"}
{"level":"info","message":"QR code atualizado","service":"sacs-backend-node","timestamp":"2025-08-12 19:00:33"}
{"level":"info","message":"QR code atualizado","service":"sacs-backend-node","timestamp":"2025-08-12 19:01:33"}
{"level":"info","message":"QR code atualizado","service":"sacs-backend-node","timestamp":"2025-08-12 19:01:53"}
{"level":"info","message":"QR code atualizado","service":"sacs-backend-node","timestamp":"2025-08-12 19:02:13"}
{"level":"info","message":"QR code atualizado","service":"sacs-backend-node","timestamp":"2025-08-12 19:02:33"}
{"level":"info","message":"QR code atualizado","service":"sacs-backend-node","timestamp":"2025-08-12 19:02:53"}
{"level":"info","message":"QR code atualizado","service":"sacs-backend-node","timestamp":"2025-08-12 19:04:04"}
{"level":"info","message":"QR code atualizado","service":"sacs-backend-node","timestamp":"2025-08-12 19:05:04"}
{"level":"info","message":"QR code atualizado","service":"sacs-backend-node","timestamp":"2025-08-12 19:05:24"}
{"level":"info","message":"QR code atualizado","service":"sacs-backend-node","timestamp":"2025-08-12 19:05:44"}
{"level":"info","message":"QR code atualizado","service":"sacs-backend-node","timestamp":"2025-08-12 19:06:04"}
{"level":"info","message":"QR code atualizado","service":"sacs-backend-node","timestamp":"2025-08-12 19:06:24"}
{"level":"info","message":"QR code atualizado","service":"sacs-backend-node","timestamp":"2025-08-12 19:07:35"}
{"level":"info","message":"QR code atualizado","service":"sacs-backend-node","timestamp":"2025-08-12 19:08:35"}
{"level":"info","message":"QR code atualizado","service":"sacs-backend-node","timestamp":"2025-08-12 19:08:55"}
{"level":"info","message":"QR code atualizado","service":"sacs-backend-node","timestamp":"2025-08-12 19:09:15"}
{"level":"info","message":"QR code atualizado","service":"sacs-backend-node","timestamp":"2025-08-12 19:09:35"}
{"level":"info","message":"QR code atualizado","service":"sacs-backend-node","timestamp":"2025-08-12 19:09:55"}
{"level":"info","message":"QR code atualizado","service":"sacs-backend-node","timestamp":"2025-08-12 19:11:06"}
{"level":"info","message":"QR code atualizado","service":"sacs-backend-node","timestamp":"2025-08-12 19:12:06"}
{"level":"info","message":"QR code atualizado","service":"sacs-backend-node","timestamp":"2025-08-12 19:12:26"}
{"level":"info","message":"QR code atualizado","service":"sacs-backend-node","timestamp":"2025-08-12 19:12:46"}
{"level":"info","message":"QR code atualizado","service":"sacs-backend-node","timestamp":"2025-08-12 19:13:06"}
{"level":"info","message":"QR code atualizado","service":"sacs-backend-node","timestamp":"2025-08-12 19:13:26"}
{"level":"info","message":"QR code atualizado","service":"sacs-backend-node","timestamp":"2025-08-12 19:14:37"}
{"level":"info","message":"QR code atualizado","service":"sacs-backend-node","timestamp":"2025-08-12 19:15:37"}
{"level":"info","message":"QR code atualizado","service":"sacs-backend-node","timestamp":"2025-08-12 19:15:57"}
{"level":"info","message":"SACS Node server rodando em http://0.0.0.0:3000","service":"sacs-backend-node","timestamp":"2025-08-12 19:16:12"}
{"level":"info","message":"QR code atualizado","service":"sacs-backend-node","timestamp":"2025-08-12 19:16:19"}
{"level":"info","message":"QR code atualizado","service":"sacs-backend-node","timestamp":"2025-08-12 19:17:19"}
{"level":"info","message":"QR code atualizado","service":"sacs-backend-node","timestamp":"2025-08-12 19:17:39"}
{"level":"info","message":"SACS Node server rodando em http://0.0.0.0:3000","service":"sacs-backend-node","timestamp":"2025-08-12 19:17:47"}
{"body":"{ username\\:\\admin\\,\\password\\:\\senha123\\}","expose":true,"level":"error","message":"Expected property name or '}' in JSON at position 2 (line 1 column 3)","service":"sacs-backend-node","stack":"SyntaxError: Expected property name or '}' in JSON at position 2 (line 1 column 3)\n    at JSON.parse (<anonymous>)\n    at parse (C:\\Users\\Claudio\\Desktop\\SACS\\sacs\\backend\\node\\node_modules\\body-parser\\lib\\types\\json.js:92:19)\n    at C:\\Users\\Claudio\\Desktop\\SACS\\sacs\\backend\\node\\node_modules\\body-parser\\lib\\read.js:128:18\n    at AsyncResource.runInAsyncScope (node:async_hooks:211:14)\n    at invokeCallback (C:\\Users\\Claudio\\Desktop\\SACS\\sacs\\backend\\node\\node_modules\\raw-body\\index.js:238:16)\n    at done (C:\\Users\\Claudio\\Desktop\\SACS\\sacs\\backend\\node\\node_modules\\raw-body\\index.js:227:7)\n    at IncomingMessage.onEnd (C:\\Users\\Claudio\\Desktop\\SACS\\sacs\\backend\\node\\node_modules\\raw-body\\index.js:287:7)\n    at IncomingMessage.emit (node:events:518:28)\n    at endReadableNT (node:internal/streams/readable:1698:12)\n    at process.processTicksAndRejections (node:internal/process/task_queues:90:21)","status":400,"statusCode":400,"timestamp":"2025-08-12 19:17:52","type":"entity.parse.failed"}
{"level":"info","message":"QR code atualizado","service":"sacs-backend-node","timestamp":"2025-08-12 19:17:54"}
{"level":"info","message":"QR code atualizado","service":"sacs-backend-node","timestamp":"2025-08-12 19:18:53"}
{"level":"info","message":"QR code atualizado","service":"sacs-backend-node","timestamp":"2025-08-12 19:19:13"}
{"level":"info","message":"QR code atualizado","service":"sacs-backend-node","timestamp":"2025-08-12 19:19:33"}
{"level":"info","message":"QR code atualizado","service":"sacs-backend-node","timestamp":"2025-08-12 19:19:53"}
{"level":"info","message":"QR code atualizado","service":"sacs-backend-node","timestamp":"2025-08-12 19:20:13"}
{"level":"info","message":"QR code atualizado","service":"sacs-backend-node","timestamp":"2025-08-12 19:21:24"}
{"level":"info","message":"QR code atualizado","service":"sacs-backend-node","timestamp":"2025-08-12 19:22:24"}
{"level":"info","message":"QR code atualizado","service":"sacs-backend-node","timestamp":"2025-08-12 19:22:44"}
{"body":"{\\","expose":true,"level":"error","message":"Expected property name or '}' in JSON at position 1 (line 1 column 2)","service":"sacs-backend-node","stack":"SyntaxError: Expected property name or '}' in JSON at position 1 (line 1 column 2)\n    at JSON.parse (<anonymous>)\n    at parse (C:\\Users\\Claudio\\Desktop\\SACS\\sacs\\backend\\node\\node_modules\\body-parser\\lib\\types\\json.js:92:19)\n    at C:\\Users\\Claudio\\Desktop\\SACS\\sacs\\backend\\node\\node_modules\\body-parser\\lib\\read.js:128:18\n    at AsyncResource.runInAsyncScope (node:async_hooks:211:14)\n    at invokeCallback (C:\\Users\\Claudio\\Desktop\\SACS\\sacs\\backend\\node\\node_modules\\raw-body\\index.js:238:16)\n    at done (C:\\Users\\Claudio\\Desktop\\SACS\\sacs\\backend\\node\\node_modules\\raw-body\\index.js:227:7)\n    at IncomingMessage.onEnd (C:\\Users\\Claudio\\Desktop\\SACS\\sacs\\backend\\node\\node_modules\\raw-body\\index.js:287:7)\n    at IncomingMessage.emit (node:events:518:28)\n    at endReadableNT (node:internal/streams/readable:1698:12)\n    at process.processTicksAndRejections (node:internal/process/task_queues:90:21)","status":400,"statusCode":400,"timestamp":"2025-08-12 19:23:03","type":"entity.parse.failed"}
{"level":"info","message":"QR code atualizado","service":"sacs-backend-node","timestamp":"2025-08-12 19:23:04"}
{"level":"info","message":"QR code atualizado","service":"sacs-backend-node","timestamp":"2025-08-12 19:23:24"}
{"level":"info","message":"QR code atualizado","service":"sacs-backend-node","timestamp":"2025-08-12 19:23:44"}
{"level":"info","message":"QR code atualizado","service":"sacs-backend-node","timestamp":"2025-08-12 19:24:55"}
{"body":"{\\","expose":true,"level":"error","message":"Expected property name or '}' in JSON at position 1 (line 1 column 2)","service":"sacs-backend-node","stack":"SyntaxError: Expected property name or '}' in JSON at position 1 (line 1 column 2)\n    at JSON.parse (<anonymous>)\n    at parse (C:\\Users\\Claudio\\Desktop\\SACS\\sacs\\backend\\node\\node_modules\\body-parser\\lib\\types\\json.js:92:19)\n    at C:\\Users\\Claudio\\Desktop\\SACS\\sacs\\backend\\node\\node_modules\\body-parser\\lib\\read.js:128:18\n    at AsyncResource.runInAsyncScope (node:async_hooks:211:14)\n    at invokeCallback (C:\\Users\\Claudio\\Desktop\\SACS\\sacs\\backend\\node\\node_modules\\raw-body\\index.js:238:16)\n    at done (C:\\Users\\Claudio\\Desktop\\SACS\\sacs\\backend\\node\\node_modules\\raw-body\\index.js:227:7)\n    at IncomingMessage.onEnd (C:\\Users\\Claudio\\Desktop\\SACS\\sacs\\backend\\node\\node_modules\\raw-body\\index.js:287:7)\n    at IncomingMessage.emit (node:events:518:28)\n    at endReadableNT (node:internal/streams/readable:1698:12)\n    at process.processTicksAndRejections (node:internal/process/task_queues:90:21)","status":400,"statusCode":400,"timestamp":"2025-08-12 19:25:43","type":"entity.parse.failed"}
{"level":"info","message":"QR code atualizado","service":"sacs-backend-node","timestamp":"2025-08-12 19:25:55"}
{"level":"info","message":"QR code atualizado","service":"sacs-backend-node","timestamp":"2025-08-12 19:26:15"}
{"level":"info","message":"QR code atualizado","service":"sacs-backend-node","timestamp":"2025-08-12 19:26:35"}
{"level":"info","message":"QR code atualizado","service":"sacs-backend-node","timestamp":"2025-08-12 19:26:55"}
{"level":"info","message":"QR code atualizado","service":"sacs-backend-node","timestamp":"2025-08-12 19:27:15"}
{"level":"info","message":"QR code atualizado","service":"sacs-backend-node","timestamp":"2025-08-12 19:28:26"}
{"body":"{\\","expose":true,"level":"error","message":"Expected property name or '}' in JSON at position 1 (line 1 column 2)","service":"sacs-backend-node","stack":"SyntaxError: Expected property name or '}' in JSON at position 1 (line 1 column 2)\n    at JSON.parse (<anonymous>)\n    at parse (C:\\Users\\Claudio\\Desktop\\SACS\\sacs\\backend\\node\\node_modules\\body-parser\\lib\\types\\json.js:92:19)\n    at C:\\Users\\Claudio\\Desktop\\SACS\\sacs\\backend\\node\\node_modules\\body-parser\\lib\\read.js:128:18\n    at AsyncResource.runInAsyncScope (node:async_hooks:211:14)\n    at invokeCallback (C:\\Users\\Claudio\\Desktop\\SACS\\sacs\\backend\\node\\node_modules\\raw-body\\index.js:238:16)\n    at done (C:\\Users\\Claudio\\Desktop\\SACS\\sacs\\backend\\node\\node_modules\\raw-body\\index.js:227:7)\n    at IncomingMessage.onEnd (C:\\Users\\Claudio\\Desktop\\SACS\\sacs\\backend\\node\\node_modules\\raw-body\\index.js:287:7)\n    at IncomingMessage.emit (node:events:518:28)\n    at endReadableNT (node:internal/streams/readable:1698:12)\n    at process.processTicksAndRejections (node:internal/process/task_queues:90:21)","status":400,"statusCode":400,"timestamp":"2025-08-12 19:28:53","type":"entity.parse.failed"}
{"level":"info","message":"QR code atualizado","service":"sacs-backend-node","timestamp":"2025-08-12 19:29:26"}
{"level":"info","message":"QR code atualizado","service":"sacs-backend-node","timestamp":"2025-08-12 19:29:46"}
{"level":"info","message":"QR code atualizado","service":"sacs-backend-node","timestamp":"2025-08-12 19:30:06"}
{"level":"info","message":"QR code atualizado","service":"sacs-backend-node","timestamp":"2025-08-12 19:30:26"}
{"level":"info","message":"QR code atualizado","service":"sacs-backend-node","timestamp":"2025-08-12 19:30:46"}
{"level":"info","message":"SACS Node server rodando em http://0.0.0.0:3000","service":"sacs-backend-node","timestamp":"2025-08-12 19:32:31"}
{"level":"info","message":"QR code atualizado","service":"sacs-backend-node","timestamp":"2025-08-12 19:32:38"}
{"level":"info","message":"QR code atualizado","service":"sacs-backend-node","timestamp":"2025-08-12 19:33:38"}
{"level":"info","message":"QR code atualizado","service":"sacs-backend-node","timestamp":"2025-08-12 19:33:58"}
{"level":"info","message":"QR code atualizado","service":"sacs-backend-node","timestamp":"2025-08-12 19:34:18"}
{"level":"info","message":"QR code atualizado","service":"sacs-backend-node","timestamp":"2025-08-12 19:34:38"}
{"level":"info","message":"QR code atualizado","service":"sacs-backend-node","timestamp":"2025-08-12 19:34:58"}
{"level":"info","message":"QR code atualizado","service":"sacs-backend-node","timestamp":"2025-08-12 19:36:09"}
{"level":"info","message":"QR code atualizado","service":"sacs-backend-node","timestamp":"2025-08-12 19:37:09"}
{"level":"warn","message":"DEV_FAKE_AUTH=1 ativo: usando usuário fake em memória para desenvolvimento. NÃO usar em produção.","service":"sacs-backend-node","timestamp":"2025-08-12 19:37:29"}
{"level":"info","message":"SACS Node server rodando em http://0.0.0.0:3000","service":"sacs-backend-node","timestamp":"2025-08-12 19:37:29"}
{"level":"info","message":"QR code atualizado","service":"sacs-backend-node","timestamp":"2025-08-12 19:37:38"}
{"level":"info","message":"QR code atualizado","service":"sacs-backend-node","timestamp":"2025-08-12 19:38:38"}
{"level":"info","message":"QR code atualizado","service":"sacs-backend-node","timestamp":"2025-08-12 19:38:58"}
{"level":"info","message":"QR code atualizado","service":"sacs-backend-node","timestamp":"2025-08-12 19:39:18"}
{"level":"info","message":"QR code atualizado","service":"sacs-backend-node","timestamp":"2025-08-12 19:39:38"}
{"level":"info","message":"QR code atualizado","service":"sacs-backend-node","timestamp":"2025-08-12 19:39:58"}
{"level":"info","message":"QR code atualizado","service":"sacs-backend-node","timestamp":"2025-08-12 19:41:09"}
{"body":"{\\","expose":true,"level":"error","message":"Expected property name or '}' in JSON at position 1 (line 1 column 2)","service":"sacs-backend-node","stack":"SyntaxError: Expected property name or '}' in JSON at position 1 (line 1 column 2)\n    at JSON.parse (<anonymous>)\n    at parse (C:\\Users\\Claudio\\Desktop\\SACS\\sacs\\backend\\node\\node_modules\\body-parser\\lib\\types\\json.js:92:19)\n    at C:\\Users\\Claudio\\Desktop\\SACS\\sacs\\backend\\node\\node_modules\\body-parser\\lib\\read.js:128:18\n    at AsyncResource.runInAsyncScope (node:async_hooks:211:14)\n    at invokeCallback (C:\\Users\\Claudio\\Desktop\\SACS\\sacs\\backend\\node\\node_modules\\raw-body\\index.js:238:16)\n    at done (C:\\Users\\Claudio\\Desktop\\SACS\\sacs\\backend\\node\\node_modules\\raw-body\\index.js:227:7)\n    at IncomingMessage.onEnd (C:\\Users\\Claudio\\Desktop\\SACS\\sacs\\backend\\node\\node_modules\\raw-body\\index.js:287:7)\n    at IncomingMessage.emit (node:events:518:28)\n    at endReadableNT (node:internal/streams/readable:1698:12)\n    at process.processTicksAndRejections (node:internal/process/task_queues:90:21)","status":400,"statusCode":400,"timestamp":"2025-08-12 19:41:30","type":"entity.parse.failed"}
{"level":"info","message":"QR code atualizado","service":"sacs-backend-node","timestamp":"2025-08-12 19:42:09"}
{"level":"info","message":"QR code atualizado","service":"sacs-backend-node","timestamp":"2025-08-12 19:42:29"}
{"level":"info","message":"QR code atualizado","service":"sacs-backend-node","timestamp":"2025-08-12 19:42:49"}
{"level":"info","message":"QR code atualizado","service":"sacs-backend-node","timestamp":"2025-08-12 19:43:09"}
{"level":"info","message":"QR code atualizado","service":"sacs-backend-node","timestamp":"2025-08-12 19:43:29"}
{"level":"warn","message":"DEV_FAKE_AUTH=1 ativo: usando usuário fake em memória para desenvolvimento. NÃO usar em produção.","service":"sacs-backend-node","timestamp":"2025-08-12 19:44:02"}
{"level":"info","message":"SACS Node server rodando em http://0.0.0.0:3000","service":"sacs-backend-node","timestamp":"2025-08-12 19:44:03"}
{"level":"info","message":"QR code atualizado","service":"sacs-backend-node","timestamp":"2025-08-12 19:44:11"}
{"level":"info","message":"QR code atualizado","service":"sacs-backend-node","timestamp":"2025-08-12 19:45:11"}
{"level":"info","message":"QR code atualizado","service":"sacs-backend-node","timestamp":"2025-08-12 19:45:31"}
{"level":"info","message":"QR code atualizado","service":"sacs-backend-node","timestamp":"2025-08-12 19:45:51"}
{"level":"info","message":"QR code atualizado","service":"sacs-backend-node","timestamp":"2025-08-12 19:46:11"}
{"level":"info","message":"QR code atualizado","service":"sacs-backend-node","timestamp":"2025-08-12 19:46:31"}
{"level":"info","message":"QR code atualizado","service":"sacs-backend-node","timestamp":"2025-08-12 19:47:42"}
{"level":"warn","message":"DEV_FAKE_AUTH=1 ativo: usando usuário fake em memória para desenvolvimento. NÃO usar em produção.","service":"sacs-backend-node","timestamp":"2025-08-12 19:48:12"}
{"level":"info","message":"SACS Node server rodando em http://0.0.0.0:3000","service":"sacs-backend-node","timestamp":"2025-08-12 19:48:13"}
{"level":"info","message":"QR code atualizado","service":"sacs-backend-node","timestamp":"2025-08-12 19:48:23"}
{"level":"info","message":"QR code atualizado","service":"sacs-backend-node","timestamp":"2025-08-12 19:49:22"}
{"level":"info","message":"QR code atualizado","service":"sacs-backend-node","timestamp":"2025-08-12 19:49:42"}
{"level":"info","message":"QR code atualizado","service":"sacs-backend-node","timestamp":"2025-08-12 19:50:02"}
{"level":"info","message":"QR code atualizado","service":"sacs-backend-node","timestamp":"2025-08-12 19:50:22"}
{"level":"info","message":"QR code atualizado","service":"sacs-backend-node","timestamp":"2025-08-12 19:50:42"}
{"level":"info","message":"QR code atualizado","service":"sacs-backend-node","timestamp":"2025-08-12 19:51:54"}
{"level":"info","message":"QR code atualizado","service":"sacs-backend-node","timestamp":"2025-08-12 19:52:54"}
{"level":"info","message":"QR code atualizado","service":"sacs-backend-node","timestamp":"2025-08-12 19:53:14"}
{"level":"info","message":"QR code atualizado","service":"sacs-backend-node","timestamp":"2025-08-12 19:53:34"}
{"level":"info","message":"QR code atualizado","service":"sacs-backend-node","timestamp":"2025-08-12 19:53:54"}
{"level":"info","message":"QR code atualizado","service":"sacs-backend-node","timestamp":"2025-08-12 19:54:14"}
{"level":"info","message":"QR code atualizado","service":"sacs-backend-node","timestamp":"2025-08-12 19:55:25"}
{"level":"info","message":"QR code atualizado","service":"sacs-backend-node","timestamp":"2025-08-12 19:56:25"}
{"level":"info","message":"QR code atualizado","service":"sacs-backend-node","timestamp":"2025-08-12 19:56:45"}
{"level":"info","message":"QR code atualizado","service":"sacs-backend-node","timestamp":"2025-08-12 19:57:05"}
{"level":"info","message":"QR code atualizado","service":"sacs-backend-node","timestamp":"2025-08-12 19:57:25"}
{"level":"info","message":"QR code atualizado","service":"sacs-backend-node","timestamp":"2025-08-12 19:57:45"}
{"level":"info","message":"QR code atualizado","service":"sacs-backend-node","timestamp":"2025-08-12 19:58:56"}
{"level":"info","message":"QR code atualizado","service":"sacs-backend-node","timestamp":"2025-08-12 19:59:56"}
{"level":"info","message":"QR code atualizado","service":"sacs-backend-node","timestamp":"2025-08-12 20:00:16"}
{"level":"info","message":"QR code atualizado","service":"sacs-backend-node","timestamp":"2025-08-12 20:00:36"}
{"level":"info","message":"QR code atualizado","service":"sacs-backend-node","timestamp":"2025-08-12 20:00:56"}
{"level":"info","message":"QR code atualizado","service":"sacs-backend-node","timestamp":"2025-08-12 20:01:16"}
{"level":"info","message":"QR code atualizado","service":"sacs-backend-node","timestamp":"2025-08-12 20:02:27"}
{"level":"info","message":"QR code atualizado","service":"sacs-backend-node","timestamp":"2025-08-12 20:03:27"}
{"level":"info","message":"QR code atualizado","service":"sacs-backend-node","timestamp":"2025-08-12 20:03:47"}
{"level":"info","message":"QR code atualizado","service":"sacs-backend-node","timestamp":"2025-08-12 20:04:07"}
{"level":"info","message":"QR code atualizado","service":"sacs-backend-node","timestamp":"2025-08-12 20:04:27"}
{"level":"info","message":"QR code atualizado","service":"sacs-backend-node","timestamp":"2025-08-12 20:04:47"}
{"level":"info","message":"QR code atualizado","service":"sacs-backend-node","timestamp":"2025-08-12 20:05:58"}
{"level":"info","message":"QR code atualizado","service":"sacs-backend-node","timestamp":"2025-08-12 20:06:58"}
{"level":"info","message":"QR code atualizado","service":"sacs-backend-node","timestamp":"2025-08-12 20:07:18"}
{"level":"info","message":"QR code atualizado","service":"sacs-backend-node","timestamp":"2025-08-12 20:07:38"}
{"level":"info","message":"QR code atualizado","service":"sacs-backend-node","timestamp":"2025-08-12 20:07:58"}
{"level":"info","message":"QR code atualizado","service":"sacs-backend-node","timestamp":"2025-08-12 20:08:18"}
{"level":"info","message":"QR code atualizado","service":"sacs-backend-node","timestamp":"2025-08-12 20:09:29"}
{"level":"info","message":"QR code atualizado","service":"sacs-backend-node","timestamp":"2025-08-12 20:10:29"}
{"level":"info","message":"QR code atualizado","service":"sacs-backend-node","timestamp":"2025-08-12 20:10:49"}
{"level":"info","message":"QR code atualizado","service":"sacs-backend-node","timestamp":"2025-08-12 20:11:09"}
{"level":"info","message":"QR code atualizado","service":"sacs-backend-node","timestamp":"2025-08-12 20:11:29"}
{"level":"info","message":"QR code atualizado","service":"sacs-backend-node","timestamp":"2025-08-12 20:11:49"}
{"level":"info","message":"QR code atualizado","service":"sacs-backend-node","timestamp":"2025-08-12 20:13:00"}
{"level":"info","message":"QR code atualizado","service":"sacs-backend-node","timestamp":"2025-08-12 20:14:00"}
{"level":"info","message":"QR code atualizado","service":"sacs-backend-node","timestamp":"2025-08-12 20:14:20"}
{"level":"info","message":"QR code atualizado","service":"sacs-backend-node","timestamp":"2025-08-12 20:14:40"}
{"level":"info","message":"QR code atualizado","service":"sacs-backend-node","timestamp":"2025-08-12 20:15:00"}
{"level":"info","message":"QR code atualizado","service":"sacs-backend-node","timestamp":"2025-08-12 20:15:20"}
{"level":"info","message":"QR code atualizado","service":"sacs-backend-node","timestamp":"2025-08-12 20:16:31"}
{"level":"info","message":"QR code atualizado","service":"sacs-backend-node","timestamp":"2025-08-12 20:17:31"}
{"level":"info","message":"QR code atualizado","service":"sacs-backend-node","timestamp":"2025-08-12 20:17:51"}
{"level":"info","message":"QR code atualizado","service":"sacs-backend-node","timestamp":"2025-08-12 20:18:11"}
{"level":"info","message":"QR code atualizado","service":"sacs-backend-node","timestamp":"2025-08-12 20:18:31"}
{"level":"info","message":"QR code atualizado","service":"sacs-backend-node","timestamp":"2025-08-12 20:18:51"}
{"level":"info","message":"QR code atualizado","service":"sacs-backend-node","timestamp":"2025-08-12 20:20:01"}
{"level":"info","message":"QR code atualizado","service":"sacs-backend-node","timestamp":"2025-08-12 20:21:01"}
{"level":"info","message":"QR code atualizado","service":"sacs-backend-node","timestamp":"2025-08-12 20:21:21"}
{"level":"info","message":"QR code atualizado","service":"sacs-backend-node","timestamp":"2025-08-12 20:21:41"}
{"level":"info","message":"QR code atualizado","service":"sacs-backend-node","timestamp":"2025-08-12 20:22:01"}
{"level":"info","message":"QR code atualizado","service":"sacs-backend-node","timestamp":"2025-08-12 20:22:21"}
{"level":"info","message":"QR code atualizado","service":"sacs-backend-node","timestamp":"2025-08-12 20:23:33"}
{"level":"info","message":"QR code atualizado","service":"sacs-backend-node","timestamp":"2025-08-12 20:24:33"}
{"level":"info","message":"QR code atualizado","service":"sacs-backend-node","timestamp":"2025-08-12 20:24:53"}
{"level":"info","message":"QR code atualizado","service":"sacs-backend-node","timestamp":"2025-08-12 20:25:13"}
{"level":"info","message":"QR code atualizado","service":"sacs-backend-node","timestamp":"2025-08-12 20:25:33"}
{"level":"info","message":"QR code atualizado","service":"sacs-backend-node","timestamp":"2025-08-12 20:25:53"}
{"level":"info","message":"QR code atualizado","service":"sacs-backend-node","timestamp":"2025-08-12 20:27:03"}
{"level":"info","message":"QR code atualizado","service":"sacs-backend-node","timestamp":"2025-08-12 20:28:03"}
{"level":"info","message":"QR code atualizado","service":"sacs-backend-node","timestamp":"2025-08-12 20:28:23"}
{"level":"info","message":"QR code atualizado","service":"sacs-backend-node","timestamp":"2025-08-12 20:28:43"}
{"level":"info","message":"QR code atualizado","service":"sacs-backend-node","timestamp":"2025-08-12 20:29:03"}
{"level":"info","message":"QR code atualizado","service":"sacs-backend-node","timestamp":"2025-08-12 20:29:23"}
{"level":"info","message":"QR code atualizado","service":"sacs-backend-node","timestamp":"2025-08-12 20:30:34"}
{"level":"info","message":"QR code atualizado","service":"sacs-backend-node","timestamp":"2025-08-12 20:31:34"}
{"level":"info","message":"QR code atualizado","service":"sacs-backend-node","timestamp":"2025-08-12 20:31:54"}
{"level":"info","message":"QR code atualizado","service":"sacs-backend-node","timestamp":"2025-08-12 20:32:14"}
{"level":"info","message":"QR code atualizado","service":"sacs-backend-node","timestamp":"2025-08-12 20:32:34"}
{"level":"info","message":"QR code atualizado","service":"sacs-backend-node","timestamp":"2025-08-12 20:32:54"}
{"level":"info","message":"QR code atualizado","service":"sacs-backend-node","timestamp":"2025-08-12 20:34:06"}
{"level":"info","message":"QR code atualizado","service":"sacs-backend-node","timestamp":"2025-08-12 20:35:06"}
{"level":"info","message":"QR code atualizado","service":"sacs-backend-node","timestamp":"2025-08-12 20:35:26"}
{"level":"info","message":"QR code atualizado","service":"sacs-backend-node","timestamp":"2025-08-12 20:35:46"}
{"level":"info","message":"QR code atualizado","service":"sacs-backend-node","timestamp":"2025-08-12 20:36:06"}
{"level":"info","message":"QR code atualizado","service":"sacs-backend-node","timestamp":"2025-08-12 20:36:26"}
{"level":"info","message":"QR code atualizado","service":"sacs-backend-node","timestamp":"2025-08-12 20:37:37"}
{"level":"info","message":"QR code atualizado","service":"sacs-backend-node","timestamp":"2025-08-12 20:38:37"}
{"level":"info","message":"QR code atualizado","service":"sacs-backend-node","timestamp":"2025-08-12 20:38:57"}
{"level":"info","message":"QR code atualizado","service":"sacs-backend-node","timestamp":"2025-08-12 20:39:17"}
{"level":"info","message":"QR code atualizado","service":"sacs-backend-node","timestamp":"2025-08-12 20:39:37"}
{"level":"info","message":"QR code atualizado","service":"sacs-backend-node","timestamp":"2025-08-12 20:39:57"}
{"level":"info","message":"QR code atualizado","service":"sacs-backend-node","timestamp":"2025-08-12 20:41:08"}
{"level":"info","message":"QR code atualizado","service":"sacs-backend-node","timestamp":"2025-08-12 20:42:08"}
{"level":"info","message":"QR code atualizado","service":"sacs-backend-node","timestamp":"2025-08-12 20:42:28"}
{"level":"info","message":"QR code atualizado","service":"sacs-backend-node","timestamp":"2025-08-12 20:42:48"}
{"level":"info","message":"QR code atualizado","service":"sacs-backend-node","timestamp":"2025-08-12 20:43:08"}
{"level":"info","message":"QR code atualizado","service":"sacs-backend-node","timestamp":"2025-08-12 20:43:28"}
{"level":"info","message":"QR code atualizado","service":"sacs-backend-node","timestamp":"2025-08-12 20:44:39"}
{"level":"info","message":"QR code atualizado","service":"sacs-backend-node","timestamp":"2025-08-12 20:45:39"}
{"level":"info","message":"QR code atualizado","service":"sacs-backend-node","timestamp":"2025-08-12 20:45:59"}
{"level":"info","message":"QR code atualizado","service":"sacs-backend-node","timestamp":"2025-08-12 20:46:19"}
{"level":"info","message":"QR code atualizado","service":"sacs-backend-node","timestamp":"2025-08-12 20:46:39"}
{"level":"info","message":"QR code atualizado","service":"sacs-backend-node","timestamp":"2025-08-12 20:46:59"}
{"level":"info","message":"QR code atualizado","service":"sacs-backend-node","timestamp":"2025-08-12 20:48:10"}
{"level":"info","message":"QR code atualizado","service":"sacs-backend-node","timestamp":"2025-08-12 20:49:10"}
{"level":"info","message":"QR code atualizado","service":"sacs-backend-node","timestamp":"2025-08-12 20:49:30"}
{"level":"info","message":"QR code atualizado","service":"sacs-backend-node","timestamp":"2025-08-12 20:49:50"}
{"level":"info","message":"QR code atualizado","service":"sacs-backend-node","timestamp":"2025-08-12 20:50:10"}
{"level":"info","message":"QR code atualizado","service":"sacs-backend-node","timestamp":"2025-08-12 20:50:30"}
{"level":"info","message":"QR code atualizado","service":"sacs-backend-node","timestamp":"2025-08-12 20:51:41"}
{"level":"info","message":"QR code atualizado","service":"sacs-backend-node","timestamp":"2025-08-12 20:52:41"}
{"level":"info","message":"QR code atualizado","service":"sacs-backend-node","timestamp":"2025-08-12 20:53:01"}
{"level":"info","message":"QR code atualizado","service":"sacs-backend-node","timestamp":"2025-08-12 20:53:21"}
{"level":"info","message":"QR code atualizado","service":"sacs-backend-node","timestamp":"2025-08-12 20:53:41"}
{"level":"info","message":"QR code atualizado","service":"sacs-backend-node","timestamp":"2025-08-12 20:54:01"}
{"level":"info","message":"QR code atualizado","service":"sacs-backend-node","timestamp":"2025-08-12 20:55:12"}
{"level":"info","message":"QR code atualizado","service":"sacs-backend-node","timestamp":"2025-08-12 20:56:12"}
{"level":"info","message":"QR code atualizado","service":"sacs-backend-node","timestamp":"2025-08-12 20:56:32"}
{"level":"info","message":"QR code atualizado","service":"sacs-backend-node","timestamp":"2025-08-12 20:56:52"}
{"level":"info","message":"QR code atualizado","service":"sacs-backend-node","timestamp":"2025-08-12 20:57:13"}
{"level":"info","message":"QR code atualizado","service":"sacs-backend-node","timestamp":"2025-08-12 20:57:33"}
{"level":"info","message":"QR code atualizado","service":"sacs-backend-node","timestamp":"2025-08-12 20:58:44"}
{"level":"info","message":"QR code atualizado","service":"sacs-backend-node","timestamp":"2025-08-12 20:59:44"}
{"level":"info","message":"QR code atualizado","service":"sacs-backend-node","timestamp":"2025-08-12 21:00:04"}
{"level":"info","message":"QR code atualizado","service":"sacs-backend-node","timestamp":"2025-08-12 21:00:24"}
{"level":"info","message":"QR code atualizado","service":"sacs-backend-node","timestamp":"2025-08-12 21:00:44"}
{"level":"info","message":"QR code atualizado","service":"sacs-backend-node","timestamp":"2025-08-12 21:01:04"}
{"level":"info","message":"QR code atualizado","service":"sacs-backend-node","timestamp":"2025-08-12 21:02:15"}
{"level":"info","message":"QR code atualizado","service":"sacs-backend-node","timestamp":"2025-08-12 21:03:15"}
{"level":"info","message":"QR code atualizado","service":"sacs-backend-node","timestamp":"2025-08-12 21:03:35"}
{"level":"info","message":"QR code atualizado","service":"sacs-backend-node","timestamp":"2025-08-12 21:03:55"}
{"level":"info","message":"QR code atualizado","service":"sacs-backend-node","timestamp":"2025-08-12 21:04:15"}
{"level":"info","message":"QR code atualizado","service":"sacs-backend-node","timestamp":"2025-08-12 21:04:35"}
{"level":"info","message":"QR code atualizado","service":"sacs-backend-node","timestamp":"2025-08-12 21:05:46"}
{"level":"info","message":"QR code atualizado","service":"sacs-backend-node","timestamp":"2025-08-12 21:06:46"}
{"level":"info","message":"QR code atualizado","service":"sacs-backend-node","timestamp":"2025-08-12 21:07:06"}
{"level":"info","message":"QR code atualizado","service":"sacs-backend-node","timestamp":"2025-08-12 21:07:26"}
{"level":"info","message":"QR code atualizado","service":"sacs-backend-node","timestamp":"2025-08-12 21:07:46"}
{"level":"info","message":"QR code atualizado","service":"sacs-backend-node","timestamp":"2025-08-12 21:08:06"}
{"level":"info","message":"QR code atualizado","service":"sacs-backend-node","timestamp":"2025-08-12 21:09:17"}
{"level":"info","message":"QR code atualizado","service":"sacs-backend-node","timestamp":"2025-08-12 21:10:17"}
{"level":"info","message":"QR code atualizado","service":"sacs-backend-node","timestamp":"2025-08-12 21:10:37"}
{"level":"info","message":"QR code atualizado","service":"sacs-backend-node","timestamp":"2025-08-12 21:10:57"}
{"level":"info","message":"QR code atualizado","service":"sacs-backend-node","timestamp":"2025-08-12 21:11:17"}
{"level":"info","message":"QR code atualizado","service":"sacs-backend-node","timestamp":"2025-08-12 21:11:37"}
{"level":"info","message":"QR code atualizado","service":"sacs-backend-node","timestamp":"2025-08-12 21:12:48"}
{"level":"info","message":"QR code atualizado","service":"sacs-backend-node","timestamp":"2025-08-12 21:13:48"}
{"level":"info","message":"QR code atualizado","service":"sacs-backend-node","timestamp":"2025-08-12 21:14:08"}
{"level":"info","message":"QR code atualizado","service":"sacs-backend-node","timestamp":"2025-08-12 21:14:28"}
{"level":"info","message":"QR code atualizado","service":"sacs-backend-node","timestamp":"2025-08-12 21:14:48"}
{"level":"info","message":"QR code atualizado","service":"sacs-backend-node","timestamp":"2025-08-12 21:15:08"}
{"level":"info","message":"QR code atualizado","service":"sacs-backend-node","timestamp":"2025-08-12 21:16:20"}
{"level":"info","message":"QR code atualizado","service":"sacs-backend-node","timestamp":"2025-08-12 21:17:20"}
{"level":"info","message":"QR code atualizado","service":"sacs-backend-node","timestamp":"2025-08-12 21:17:40"}
{"level":"info","message":"QR code atualizado","service":"sacs-backend-node","timestamp":"2025-08-12 21:18:00"}
{"level":"info","message":"QR code atualizado","service":"sacs-backend-node","timestamp":"2025-08-12 21:18:20"}
{"level":"info","message":"QR code atualizado","service":"sacs-backend-node","timestamp":"2025-08-12 21:18:40"}
{"level":"info","message":"QR code atualizado","service":"sacs-backend-node","timestamp":"2025-08-12 21:19:51"}
{"level":"info","message":"QR code atualizado","service":"sacs-backend-node","timestamp":"2025-08-12 21:20:51"}
{"level":"info","message":"QR code atualizado","service":"sacs-backend-node","timestamp":"2025-08-12 21:21:11"}
{"level":"info","message":"QR code atualizado","service":"sacs-backend-node","timestamp":"2025-08-12 21:21:31"}
{"level":"info","message":"QR code atualizado","service":"sacs-backend-node","timestamp":"2025-08-12 21:21:51"}
{"level":"info","message":"QR code atualizado","service":"sacs-backend-node","timestamp":"2025-08-12 21:22:11"}
{"level":"info","message":"QR code atualizado","service":"sacs-backend-node","timestamp":"2025-08-12 21:23:22"}
{"level":"info","message":"QR code atualizado","service":"sacs-backend-node","timestamp":"2025-08-12 21:24:22"}
{"level":"info","message":"QR code atualizado","service":"sacs-backend-node","timestamp":"2025-08-12 21:24:42"}
{"level":"info","message":"QR code atualizado","service":"sacs-backend-node","timestamp":"2025-08-12 21:25:02"}
{"level":"info","message":"QR code atualizado","service":"sacs-backend-node","timestamp":"2025-08-12 21:25:22"}
{"level":"info","message":"QR code atualizado","service":"sacs-backend-node","timestamp":"2025-08-12 21:25:42"}
{"level":"info","message":"QR code atualizado","service":"sacs-backend-node","timestamp":"2025-08-12 21:26:53"}
{"level":"info","message":"QR code atualizado","service":"sacs-backend-node","timestamp":"2025-08-12 21:27:53"}
{"level":"info","message":"QR code atualizado","service":"sacs-backend-node","timestamp":"2025-08-12 21:28:13"}
{"level":"info","message":"QR code atualizado","service":"sacs-backend-node","timestamp":"2025-08-12 21:28:33"}
{"level":"info","message":"QR code atualizado","service":"sacs-backend-node","timestamp":"2025-08-12 21:28:53"}
{"level":"info","message":"QR code atualizado","service":"sacs-backend-node","timestamp":"2025-08-12 21:29:13"}
{"level":"info","message":"QR code atualizado","service":"sacs-backend-node","timestamp":"2025-08-12 21:30:24"}
{"level":"info","message":"QR code atualizado","service":"sacs-backend-node","timestamp":"2025-08-12 21:31:24"}
{"level":"info","message":"QR code atualizado","service":"sacs-backend-node","timestamp":"2025-08-12 21:31:44"}
{"level":"info","message":"QR code atualizado","service":"sacs-backend-node","timestamp":"2025-08-12 21:32:04"}
{"level":"info","message":"QR code atualizado","service":"sacs-backend-node","timestamp":"2025-08-12 21:32:24"}
{"level":"info","message":"QR code atualizado","service":"sacs-backend-node","timestamp":"2025-08-12 21:32:44"}
{"level":"info","message":"QR code atualizado","service":"sacs-backend-node","timestamp":"2025-08-12 21:33:55"}
{"level":"info","message":"QR code atualizado","service":"sacs-backend-node","timestamp":"2025-08-12 21:34:55"}
{"level":"info","message":"QR code atualizado","service":"sacs-backend-node","timestamp":"2025-08-12 21:35:15"}
{"level":"info","message":"QR code atualizado","service":"sacs-backend-node","timestamp":"2025-08-12 21:35:35"}
{"level":"info","message":"QR code atualizado","service":"sacs-backend-node","timestamp":"2025-08-12 21:35:55"}
{"level":"info","message":"QR code atualizado","service":"sacs-backend-node","timestamp":"2025-08-12 21:36:15"}
{"level":"info","message":"QR code atualizado","service":"sacs-backend-node","timestamp":"2025-08-12 21:37:26"}
{"level":"info","message":"QR code atualizado","service":"sacs-backend-node","timestamp":"2025-08-12 21:38:26"}
{"level":"info","message":"QR code atualizado","service":"sacs-backend-node","timestamp":"2025-08-12 21:38:46"}
{"level":"info","message":"QR code atualizado","service":"sacs-backend-node","timestamp":"2025-08-12 21:39:06"}
{"level":"info","message":"QR code atualizado","service":"sacs-backend-node","timestamp":"2025-08-12 21:39:26"}
{"level":"info","message":"QR code atualizado","service":"sacs-backend-node","timestamp":"2025-08-12 21:39:46"}
{"level":"info","message":"QR code atualizado","service":"sacs-backend-node","timestamp":"2025-08-12 21:40:57"}
{"level":"info","message":"QR code atualizado","service":"sacs-backend-node","timestamp":"2025-08-12 21:41:57"}
{"level":"info","message":"QR code atualizado","service":"sacs-backend-node","timestamp":"2025-08-12 21:42:17"}
{"level":"info","message":"QR code atualizado","service":"sacs-backend-node","timestamp":"2025-08-12 21:42:37"}
{"level":"info","message":"QR code atualizado","service":"sacs-backend-node","timestamp":"2025-08-12 21:42:57"}
{"level":"info","message":"QR code atualizado","service":"sacs-backend-node","timestamp":"2025-08-12 21:43:17"}
{"level":"info","message":"QR code atualizado","service":"sacs-backend-node","timestamp":"2025-08-12 21:44:28"}
{"level":"info","message":"QR code atualizado","service":"sacs-backend-node","timestamp":"2025-08-12 21:45:28"}
{"level":"info","message":"QR code atualizado","service":"sacs-backend-node","timestamp":"2025-08-12 21:45:48"}
{"level":"info","message":"QR code atualizado","service":"sacs-backend-node","timestamp":"2025-08-12 21:46:08"}
{"level":"info","message":"QR code atualizado","service":"sacs-backend-node","timestamp":"2025-08-12 21:46:28"}
{"level":"info","message":"QR code atualizado","service":"sacs-backend-node","timestamp":"2025-08-12 21:46:48"}
{"level":"info","message":"QR code atualizado","service":"sacs-backend-node","timestamp":"2025-08-12 21:47:59"}
{"level":"info","message":"QR code atualizado","service":"sacs-backend-node","timestamp":"2025-08-12 21:48:59"}
{"level":"info","message":"QR code atualizado","service":"sacs-backend-node","timestamp":"2025-08-12 21:49:19"}
{"level":"info","message":"QR code atualizado","service":"sacs-backend-node","timestamp":"2025-08-12 21:49:39"}
{"level":"info","message":"QR code atualizado","service":"sacs-backend-node","timestamp":"2025-08-12 21:49:59"}
{"level":"info","message":"QR code atualizado","service":"sacs-backend-node","timestamp":"2025-08-12 21:50:19"}
{"level":"info","message":"QR code atualizado","service":"sacs-backend-node","timestamp":"2025-08-12 21:51:31"}
{"level":"info","message":"QR code atualizado","service":"sacs-backend-node","timestamp":"2025-08-12 21:52:31"}
{"level":"info","message":"QR code atualizado","service":"sacs-backend-node","timestamp":"2025-08-12 21:52:51"}
{"level":"info","message":"QR code atualizado","service":"sacs-backend-node","timestamp":"2025-08-12 21:53:11"}
{"level":"info","message":"QR code atualizado","service":"sacs-backend-node","timestamp":"2025-08-12 21:53:31"}
{"level":"info","message":"QR code atualizado","service":"sacs-backend-node","timestamp":"2025-08-12 21:53:51"}
{"level":"info","message":"QR code atualizado","service":"sacs-backend-node","timestamp":"2025-08-12 21:55:02"}
{"level":"info","message":"QR code atualizado","service":"sacs-backend-node","timestamp":"2025-08-12 21:56:02"}
{"level":"info","message":"QR code atualizado","service":"sacs-backend-node","timestamp":"2025-08-12 21:56:22"}
{"level":"info","message":"QR code atualizado","service":"sacs-backend-node","timestamp":"2025-08-12 21:56:42"}
{"level":"info","message":"QR code atualizado","service":"sacs-backend-node","timestamp":"2025-08-12 21:57:02"}
{"level":"info","message":"QR code atualizado","service":"sacs-backend-node","timestamp":"2025-08-12 21:57:22"}
{"level":"info","message":"QR code atualizado","service":"sacs-backend-node","timestamp":"2025-08-12 21:58:33"}
{"level":"info","message":"QR code atualizado","service":"sacs-backend-node","timestamp":"2025-08-12 21:59:33"}
{"level":"info","message":"QR code atualizado","service":"sacs-backend-node","timestamp":"2025-08-12 21:59:53"}
{"level":"info","message":"QR code atualizado","service":"sacs-backend-node","timestamp":"2025-08-12 22:00:13"}
{"level":"info","message":"QR code atualizado","service":"sacs-backend-node","timestamp":"2025-08-12 22:00:33"}
{"level":"info","message":"QR code atualizado","service":"sacs-backend-node","timestamp":"2025-08-12 22:00:53"}
{"level":"info","message":"QR code atualizado","service":"sacs-backend-node","timestamp":"2025-08-12 22:02:04"}
{"level":"info","message":"QR code atualizado","service":"sacs-backend-node","timestamp":"2025-08-12 22:03:04"}
{"level":"info","message":"QR code atualizado","service":"sacs-backend-node","timestamp":"2025-08-12 22:03:24"}
{"level":"info","message":"QR code atualizado","service":"sacs-backend-node","timestamp":"2025-08-12 22:03:44"}
{"level":"info","message":"QR code atualizado","service":"sacs-backend-node","timestamp":"2025-08-12 22:04:04"}
{"level":"info","message":"QR code atualizado","service":"sacs-backend-node","timestamp":"2025-08-12 22:04:24"}
{"level":"info","message":"QR code atualizado","service":"sacs-backend-node","timestamp":"2025-08-12 22:05:35"}
{"level":"info","message":"QR code atualizado","service":"sacs-backend-node","timestamp":"2025-08-12 22:06:35"}
{"level":"info","message":"QR code atualizado","service":"sacs-backend-node","timestamp":"2025-08-12 22:06:55"}
{"level":"info","message":"QR code atualizado","service":"sacs-backend-node","timestamp":"2025-08-12 22:07:15"}
{"level":"info","message":"QR code atualizado","service":"sacs-backend-node","timestamp":"2025-08-12 22:07:35"}
{"level":"info","message":"QR code atualizado","service":"sacs-backend-node","timestamp":"2025-08-12 22:07:55"}
{"level":"info","message":"QR code atualizado","service":"sacs-backend-node","timestamp":"2025-08-12 22:09:06"}
{"level":"info","message":"QR code atualizado","service":"sacs-backend-node","timestamp":"2025-08-12 22:10:06"}
{"level":"info","message":"QR code atualizado","service":"sacs-backend-node","timestamp":"2025-08-12 22:10:26"}
{"level":"info","message":"QR code atualizado","service":"sacs-backend-node","timestamp":"2025-08-12 22:10:46"}
{"level":"info","message":"QR code atualizado","service":"sacs-backend-node","timestamp":"2025-08-12 22:11:06"}
{"level":"info","message":"QR code atualizado","service":"sacs-backend-node","timestamp":"2025-08-12 22:11:26"}
{"level":"info","message":"QR code atualizado","service":"sacs-backend-node","timestamp":"2025-08-12 22:12:37"}
{"level":"info","message":"QR code atualizado","service":"sacs-backend-node","timestamp":"2025-08-12 22:13:37"}
{"level":"info","message":"QR code atualizado","service":"sacs-backend-node","timestamp":"2025-08-12 22:13:57"}
{"level":"info","message":"QR code atualizado","service":"sacs-backend-node","timestamp":"2025-08-12 22:14:17"}
{"level":"info","message":"QR code atualizado","service":"sacs-backend-node","timestamp":"2025-08-12 22:14:37"}
{"level":"info","message":"QR code atualizado","service":"sacs-backend-node","timestamp":"2025-08-12 22:14:57"}
{"level":"info","message":"QR code atualizado","service":"sacs-backend-node","timestamp":"2025-08-12 22:16:09"}
{"level":"info","message":"QR code atualizado","service":"sacs-backend-node","timestamp":"2025-08-12 22:17:09"}
{"level":"info","message":"QR code atualizado","service":"sacs-backend-node","timestamp":"2025-08-12 22:17:29"}
{"level":"info","message":"QR code atualizado","service":"sacs-backend-node","timestamp":"2025-08-12 22:17:49"}
{"level":"info","message":"QR code atualizado","service":"sacs-backend-node","timestamp":"2025-08-12 22:18:09"}
{"level":"info","message":"QR code atualizado","service":"sacs-backend-node","timestamp":"2025-08-12 22:18:29"}
{"level":"info","message":"QR code atualizado","service":"sacs-backend-node","timestamp":"2025-08-12 22:19:40"}
{"level":"info","message":"QR code atualizado","service":"sacs-backend-node","timestamp":"2025-08-12 22:20:40"}
{"level":"info","message":"QR code atualizado","service":"sacs-backend-node","timestamp":"2025-08-12 22:21:00"}
{"level":"info","message":"QR code atualizado","service":"sacs-backend-node","timestamp":"2025-08-12 22:21:20"}
{"level":"info","message":"QR code atualizado","service":"sacs-backend-node","timestamp":"2025-08-12 22:21:40"}
{"level":"info","message":"QR code atualizado","service":"sacs-backend-node","timestamp":"2025-08-12 22:22:00"}
{"level":"info","message":"QR code atualizado","service":"sacs-backend-node","timestamp":"2025-08-12 22:23:11"}
{"level":"info","message":"QR code atualizado","service":"sacs-backend-node","timestamp":"2025-08-12 22:24:11"}
{"level":"info","message":"QR code atualizado","service":"sacs-backend-node","timestamp":"2025-08-12 22:24:31"}
{"level":"info","message":"QR code atualizado","service":"sacs-backend-node","timestamp":"2025-08-12 22:24:51"}
{"level":"info","message":"QR code atualizado","service":"sacs-backend-node","timestamp":"2025-08-12 22:25:11"}
{"level":"info","message":"QR code atualizado","service":"sacs-backend-node","timestamp":"2025-08-12 22:25:31"}
{"level":"info","message":"QR code atualizado","service":"sacs-backend-node","timestamp":"2025-08-12 22:26:42"}
{"level":"info","message":"QR code atualizado","service":"sacs-backend-node","timestamp":"2025-08-12 22:27:42"}
{"level":"info","message":"QR code atualizado","service":"sacs-backend-node","timestamp":"2025-08-12 22:28:02"}
{"level":"info","message":"QR code atualizado","service":"sacs-backend-node","timestamp":"2025-08-12 22:28:22"}
{"level":"info","message":"QR code atualizado","service":"sacs-backend-node","timestamp":"2025-08-12 22:28:42"}
{"level":"info","message":"QR code atualizado","service":"sacs-backend-node","timestamp":"2025-08-12 22:29:02"}
{"level":"info","message":"QR code atualizado","service":"sacs-backend-node","timestamp":"2025-08-12 22:30:13"}
{"level":"info","message":"QR code atualizado","service":"sacs-backend-node","timestamp":"2025-08-12 22:31:13"}
{"level":"info","message":"QR code atualizado","service":"sacs-backend-node","timestamp":"2025-08-12 22:31:33"}
{"level":"info","message":"QR code atualizado","service":"sacs-backend-node","timestamp":"2025-08-12 22:31:53"}
{"level":"info","message":"QR code atualizado","service":"sacs-backend-node","timestamp":"2025-08-12 22:32:13"}
{"level":"info","message":"QR code atualizado","service":"sacs-backend-node","timestamp":"2025-08-12 22:32:33"}
{"level":"info","message":"QR code atualizado","service":"sacs-backend-node","timestamp":"2025-08-12 22:33:45"}
{"level":"info","message":"QR code atualizado","service":"sacs-backend-node","timestamp":"2025-08-12 22:34:45"}
{"level":"info","message":"QR code atualizado","service":"sacs-backend-node","timestamp":"2025-08-12 22:35:05"}
{"level":"info","message":"QR code atualizado","service":"sacs-backend-node","timestamp":"2025-08-12 22:35:25"}
{"level":"info","message":"QR code atualizado","service":"sacs-backend-node","timestamp":"2025-08-12 22:35:45"}
{"level":"info","message":"QR code atualizado","service":"sacs-backend-node","timestamp":"2025-08-12 22:36:05"}
{"level":"info","message":"QR code atualizado","service":"sacs-backend-node","timestamp":"2025-08-12 22:37:17"}
{"level":"info","message":"QR code atualizado","service":"sacs-backend-node","timestamp":"2025-08-12 22:38:17"}
{"level":"info","message":"QR code atualizado","service":"sacs-backend-node","timestamp":"2025-08-12 22:38:37"}
{"level":"info","message":"QR code atualizado","service":"sacs-backend-node","timestamp":"2025-08-12 22:38:57"}
{"level":"info","message":"QR code atualizado","service":"sacs-backend-node","timestamp":"2025-08-12 22:39:17"}
{"level":"info","message":"QR code atualizado","service":"sacs-backend-node","timestamp":"2025-08-12 22:39:37"}
{"level":"info","message":"QR code atualizado","service":"sacs-backend-node","timestamp":"2025-08-12 22:40:48"}
{"level":"info","message":"QR code atualizado","service":"sacs-backend-node","timestamp":"2025-08-12 22:41:48"}
{"level":"info","message":"QR code atualizado","service":"sacs-backend-node","timestamp":"2025-08-12 22:42:08"}
{"level":"info","message":"QR code atualizado","service":"sacs-backend-node","timestamp":"2025-08-12 22:42:28"}
{"level":"info","message":"QR code atualizado","service":"sacs-backend-node","timestamp":"2025-08-12 22:42:48"}
{"level":"info","message":"QR code atualizado","service":"sacs-backend-node","timestamp":"2025-08-12 22:43:08"}
{"level":"info","message":"QR code atualizado","service":"sacs-backend-node","timestamp":"2025-08-12 22:44:19"}
{"level":"info","message":"QR code atualizado","service":"sacs-backend-node","timestamp":"2025-08-12 22:45:19"}
{"level":"info","message":"QR code atualizado","service":"sacs-backend-node","timestamp":"2025-08-12 22:45:39"}
{"level":"info","message":"QR code atualizado","service":"sacs-backend-node","timestamp":"2025-08-12 22:45:59"}
{"level":"info","message":"QR code atualizado","service":"sacs-backend-node","timestamp":"2025-08-12 22:46:19"}
{"level":"info","message":"QR code atualizado","service":"sacs-backend-node","timestamp":"2025-08-12 22:46:39"}
{"level":"info","message":"QR code atualizado","service":"sacs-backend-node","timestamp":"2025-08-12 22:47:50"}
{"level":"info","message":"QR code atualizado","service":"sacs-backend-node","timestamp":"2025-08-12 22:48:50"}
{"level":"info","message":"QR code atualizado","service":"sacs-backend-node","timestamp":"2025-08-12 22:49:10"}
{"level":"info","message":"QR code atualizado","service":"sacs-backend-node","timestamp":"2025-08-12 22:49:30"}
{"level":"info","message":"QR code atualizado","service":"sacs-backend-node","timestamp":"2025-08-12 22:49:50"}
{"level":"info","message":"QR code atualizado","service":"sacs-backend-node","timestamp":"2025-08-12 22:50:10"}
{"level":"info","message":"QR code atualizado","service":"sacs-backend-node","timestamp":"2025-08-12 22:51:21"}
{"level":"info","message":"QR code atualizado","service":"sacs-backend-node","timestamp":"2025-08-12 22:52:21"}
{"level":"info","message":"QR code atualizado","service":"sacs-backend-node","timestamp":"2025-08-12 22:52:41"}
{"level":"info","message":"QR code atualizado","service":"sacs-backend-node","timestamp":"2025-08-12 22:53:01"}
{"level":"info","message":"QR code atualizado","service":"sacs-backend-node","timestamp":"2025-08-12 22:53:21"}
{"level":"info","message":"QR code atualizado","service":"sacs-backend-node","timestamp":"2025-08-12 22:53:41"}
{"level":"info","message":"QR code atualizado","service":"sacs-backend-node","timestamp":"2025-08-12 22:54:52"}
{"level":"info","message":"QR code atualizado","service":"sacs-backend-node","timestamp":"2025-08-12 22:55:52"}
{"level":"info","message":"QR code atualizado","service":"sacs-backend-node","timestamp":"2025-08-12 22:56:12"}
{"level":"info","message":"QR code atualizado","service":"sacs-backend-node","timestamp":"2025-08-12 22:56:32"}
{"level":"info","message":"QR code atualizado","service":"sacs-backend-node","timestamp":"2025-08-12 22:56:52"}
{"level":"info","message":"QR code atualizado","service":"sacs-backend-node","timestamp":"2025-08-12 22:57:12"}
{"level":"info","message":"QR code atualizado","service":"sacs-backend-node","timestamp":"2025-08-12 22:58:23"}
{"level":"info","message":"QR code atualizado","service":"sacs-backend-node","timestamp":"2025-08-12 22:59:23"}
{"level":"info","message":"QR code atualizado","service":"sacs-backend-node","timestamp":"2025-08-12 22:59:43"}
{"level":"info","message":"QR code atualizado","service":"sacs-backend-node","timestamp":"2025-08-12 23:00:03"}
{"level":"info","message":"QR code atualizado","service":"sacs-backend-node","timestamp":"2025-08-12 23:00:23"}
{"level":"info","message":"QR code atualizado","service":"sacs-backend-node","timestamp":"2025-08-12 23:00:43"}
{"level":"info","message":"QR code atualizado","service":"sacs-backend-node","timestamp":"2025-08-12 23:01:54"}
{"level":"info","message":"QR code atualizado","service":"sacs-backend-node","timestamp":"2025-08-12 23:02:54"}
{"level":"info","message":"QR code atualizado","service":"sacs-backend-node","timestamp":"2025-08-12 23:03:14"}
{"level":"info","message":"QR code atualizado","service":"sacs-backend-node","timestamp":"2025-08-12 23:03:34"}
{"level":"info","message":"QR code atualizado","service":"sacs-backend-node","timestamp":"2025-08-12 23:03:54"}
{"level":"info","message":"QR code atualizado","service":"sacs-backend-node","timestamp":"2025-08-12 23:04:14"}
{"level":"info","message":"QR code atualizado","service":"sacs-backend-node","timestamp":"2025-08-12 23:05:25"}
{"level":"info","message":"QR code atualizado","service":"sacs-backend-node","timestamp":"2025-08-12 23:06:25"}
{"level":"info","message":"QR code atualizado","service":"sacs-backend-node","timestamp":"2025-08-12 23:06:45"}
{"level":"info","message":"QR code atualizado","service":"sacs-backend-node","timestamp":"2025-08-12 23:07:05"}
{"level":"info","message":"QR code atualizado","service":"sacs-backend-node","timestamp":"2025-08-12 23:07:25"}
{"level":"info","message":"QR code atualizado","service":"sacs-backend-node","timestamp":"2025-08-12 23:07:45"}
{"level":"info","message":"QR code atualizado","service":"sacs-backend-node","timestamp":"2025-08-12 23:08:56"}
{"level":"info","message":"QR code atualizado","service":"sacs-backend-node","timestamp":"2025-08-12 23:09:56"}
{"level":"info","message":"QR code atualizado","service":"sacs-backend-node","timestamp":"2025-08-12 23:10:16"}
{"level":"info","message":"QR code atualizado","service":"sacs-backend-node","timestamp":"2025-08-12 23:10:36"}
{"level":"info","message":"QR code atualizado","service":"sacs-backend-node","timestamp":"2025-08-12 23:10:56"}
{"level":"info","message":"QR code atualizado","service":"sacs-backend-node","timestamp":"2025-08-12 23:11:16"}
{"level":"info","message":"QR code atualizado","service":"sacs-backend-node","timestamp":"2025-08-12 23:12:27"}
{"level":"info","message":"QR code atualizado","service":"sacs-backend-node","timestamp":"2025-08-12 23:13:27"}
{"level":"info","message":"QR code atualizado","service":"sacs-backend-node","timestamp":"2025-08-12 23:13:47"}
{"level":"info","message":"QR code atualizado","service":"sacs-backend-node","timestamp":"2025-08-12 23:14:07"}
{"level":"info","message":"QR code atualizado","service":"sacs-backend-node","timestamp":"2025-08-12 23:14:27"}
{"level":"info","message":"QR code atualizado","service":"sacs-backend-node","timestamp":"2025-08-12 23:14:47"}
{"level":"info","message":"QR code atualizado","service":"sacs-backend-node","timestamp":"2025-08-12 23:15:58"}
{"level":"info","message":"QR code atualizado","service":"sacs-backend-node","timestamp":"2025-08-12 23:16:58"}
{"level":"info","message":"QR code atualizado","service":"sacs-backend-node","timestamp":"2025-08-12 23:17:18"}
{"level":"info","message":"QR code atualizado","service":"sacs-backend-node","timestamp":"2025-08-12 23:17:38"}
{"level":"info","message":"QR code atualizado","service":"sacs-backend-node","timestamp":"2025-08-12 23:17:58"}
{"level":"info","message":"QR code atualizado","service":"sacs-backend-node","timestamp":"2025-08-12 23:18:18"}
{"level":"info","message":"QR code atualizado","service":"sacs-backend-node","timestamp":"2025-08-12 23:19:29"}
{"level":"info","message":"QR code atualizado","service":"sacs-backend-node","timestamp":"2025-08-12 23:20:29"}
{"level":"info","message":"QR code atualizado","service":"sacs-backend-node","timestamp":"2025-08-12 23:20:49"}
{"level":"info","message":"QR code atualizado","service":"sacs-backend-node","timestamp":"2025-08-12 23:21:09"}
{"level":"info","message":"QR code atualizado","service":"sacs-backend-node","timestamp":"2025-08-12 23:21:29"}
{"level":"info","message":"QR code atualizado","service":"sacs-backend-node","timestamp":"2025-08-12 23:21:49"}
{"level":"info","message":"QR code atualizado","service":"sacs-backend-node","timestamp":"2025-08-12 23:23:00"}
{"level":"info","message":"QR code atualizado","service":"sacs-backend-node","timestamp":"2025-08-12 23:24:00"}
{"level":"info","message":"QR code atualizado","service":"sacs-backend-node","timestamp":"2025-08-12 23:24:20"}
{"level":"info","message":"QR code atualizado","service":"sacs-backend-node","timestamp":"2025-08-12 23:24:40"}
{"level":"info","message":"QR code atualizado","service":"sacs-backend-node","timestamp":"2025-08-12 23:25:00"}
{"level":"info","message":"QR code atualizado","service":"sacs-backend-node","timestamp":"2025-08-12 23:25:20"}
{"level":"info","message":"QR code atualizado","service":"sacs-backend-node","timestamp":"2025-08-12 23:26:31"}
{"level":"info","message":"QR code atualizado","service":"sacs-backend-node","timestamp":"2025-08-12 23:27:31"}
{"level":"info","message":"QR code atualizado","service":"sacs-backend-node","timestamp":"2025-08-12 23:27:51"}
{"level":"info","message":"QR code atualizado","service":"sacs-backend-node","timestamp":"2025-08-12 23:28:11"}
{"level":"info","message":"QR code atualizado","service":"sacs-backend-node","timestamp":"2025-08-12 23:28:31"}
{"level":"info","message":"QR code atualizado","service":"sacs-backend-node","timestamp":"2025-08-12 23:28:51"}
{"level":"info","message":"QR code atualizado","service":"sacs-backend-node","timestamp":"2025-08-12 23:30:02"}
{"level":"info","message":"QR code atualizado","service":"sacs-backend-node","timestamp":"2025-08-12 23:31:02"}
{"level":"info","message":"QR code atualizado","service":"sacs-backend-node","timestamp":"2025-08-12 23:31:22"}
{"level":"info","message":"QR code atualizado","service":"sacs-backend-node","timestamp":"2025-08-12 23:31:42"}
{"level":"info","message":"QR code atualizado","service":"sacs-backend-node","timestamp":"2025-08-12 23:32:02"}
{"level":"info","message":"QR code atualizado","service":"sacs-backend-node","timestamp":"2025-08-12 23:32:22"}
{"level":"info","message":"QR code atualizado","service":"sacs-backend-node","timestamp":"2025-08-12 23:33:33"}
{"level":"info","message":"QR code atualizado","service":"sacs-backend-node","timestamp":"2025-08-12 23:34:33"}
{"level":"info","message":"QR code atualizado","service":"sacs-backend-node","timestamp":"2025-08-12 23:34:53"}
{"level":"info","message":"QR code atualizado","service":"sacs-backend-node","timestamp":"2025-08-12 23:35:13"}
{"level":"info","message":"QR code atualizado","service":"sacs-backend-node","timestamp":"2025-08-12 23:35:33"}
{"level":"info","message":"QR code atualizado","service":"sacs-backend-node","timestamp":"2025-08-12 23:35:53"}
{"level":"info","message":"QR code atualizado","service":"sacs-backend-node","timestamp":"2025-08-12 23:37:04"}
{"level":"info","message":"QR code atualizado","service":"sacs-backend-node","timestamp":"2025-08-12 23:38:04"}
{"level":"info","message":"QR code atualizado","service":"sacs-backend-node","timestamp":"2025-08-12 23:38:24"}
{"level":"info","message":"QR code atualizado","service":"sacs-backend-node","timestamp":"2025-08-12 23:38:44"}
{"level":"info","message":"QR code atualizado","service":"sacs-backend-node","timestamp":"2025-08-12 23:39:04"}
{"level":"info","message":"QR code atualizado","service":"sacs-backend-node","timestamp":"2025-08-12 23:39:24"}
{"level":"info","message":"QR code atualizado","service":"sacs-backend-node","timestamp":"2025-08-12 23:40:35"}
{"level":"info","message":"QR code atualizado","service":"sacs-backend-node","timestamp":"2025-08-12 23:41:35"}
{"level":"info","message":"QR code atualizado","service":"sacs-backend-node","timestamp":"2025-08-12 23:41:55"}
{"level":"info","message":"QR code atualizado","service":"sacs-backend-node","timestamp":"2025-08-12 23:42:15"}
{"level":"info","message":"QR code atualizado","service":"sacs-backend-node","timestamp":"2025-08-12 23:42:35"}
{"level":"info","message":"QR code atualizado","service":"sacs-backend-node","timestamp":"2025-08-12 23:42:55"}
{"level":"info","message":"QR code atualizado","service":"sacs-backend-node","timestamp":"2025-08-12 23:44:06"}
{"level":"info","message":"QR code atualizado","service":"sacs-backend-node","timestamp":"2025-08-12 23:45:06"}
{"level":"info","message":"QR code atualizado","service":"sacs-backend-node","timestamp":"2025-08-12 23:45:26"}
{"level":"info","message":"QR code atualizado","service":"sacs-backend-node","timestamp":"2025-08-12 23:45:46"}
{"level":"info","message":"QR code atualizado","service":"sacs-backend-node","timestamp":"2025-08-12 23:46:06"}
{"level":"info","message":"QR code atualizado","service":"sacs-backend-node","timestamp":"2025-08-12 23:46:26"}
{"level":"info","message":"QR code atualizado","service":"sacs-backend-node","timestamp":"2025-08-12 23:47:37"}
{"level":"info","message":"QR code atualizado","service":"sacs-backend-node","timestamp":"2025-08-12 23:48:37"}
{"level":"info","message":"QR code atualizado","service":"sacs-backend-node","timestamp":"2025-08-12 23:48:57"}
{"level":"info","message":"QR code atualizado","service":"sacs-backend-node","timestamp":"2025-08-12 23:49:17"}
{"level":"info","message":"QR code atualizado","service":"sacs-backend-node","timestamp":"2025-08-12 23:49:37"}
{"level":"info","message":"QR code atualizado","service":"sacs-backend-node","timestamp":"2025-08-12 23:49:57"}
{"level":"info","message":"QR code atualizado","service":"sacs-backend-node","timestamp":"2025-08-12 23:51:08"}
{"level":"info","message":"QR code atualizado","service":"sacs-backend-node","timestamp":"2025-08-12 23:52:08"}
{"level":"info","message":"QR code atualizado","service":"sacs-backend-node","timestamp":"2025-08-12 23:52:28"}
{"level":"info","message":"QR code atualizado","service":"sacs-backend-node","timestamp":"2025-08-12 23:52:48"}
{"level":"info","message":"QR code atualizado","service":"sacs-backend-node","timestamp":"2025-08-12 23:53:08"}
{"level":"info","message":"QR code atualizado","service":"sacs-backend-node","timestamp":"2025-08-12 23:53:28"}
{"level":"info","message":"QR code atualizado","service":"sacs-backend-node","timestamp":"2025-08-12 23:54:40"}
{"level":"info","message":"QR code atualizado","service":"sacs-backend-node","timestamp":"2025-08-12 23:55:40"}
{"level":"info","message":"QR code atualizado","service":"sacs-backend-node","timestamp":"2025-08-12 23:56:00"}
{"level":"info","message":"QR code atualizado","service":"sacs-backend-node","timestamp":"2025-08-12 23:56:20"}
{"level":"info","message":"QR code atualizado","service":"sacs-backend-node","timestamp":"2025-08-12 23:56:40"}
{"level":"info","message":"QR code atualizado","service":"sacs-backend-node","timestamp":"2025-08-12 23:57:00"}
{"level":"info","message":"QR code atualizado","service":"sacs-backend-node","timestamp":"2025-08-12 23:58:11"}
{"level":"info","message":"QR code atualizado","service":"sacs-backend-node","timestamp":"2025-08-12 23:59:11"}
{"level":"info","message":"QR code atualizado","service":"sacs-backend-node","timestamp":"2025-08-12 23:59:31"}
{"level":"info","message":"QR code atualizado","service":"sacs-backend-node","timestamp":"2025-08-12 23:59:51"}
{"level":"info","message":"QR code atualizado","service":"sacs-backend-node","timestamp":"2025-08-13 00:00:11"}
{"level":"info","message":"QR code atualizado","service":"sacs-backend-node","timestamp":"2025-08-13 00:00:31"}
{"level":"info","message":"QR code atualizado","service":"sacs-backend-node","timestamp":"2025-08-13 00:01:41"}
{"level":"info","message":"QR code atualizado","service":"sacs-backend-node","timestamp":"2025-08-13 00:02:41"}
{"level":"info","message":"QR code atualizado","service":"sacs-backend-node","timestamp":"2025-08-13 00:03:01"}
{"level":"info","message":"QR code atualizado","service":"sacs-backend-node","timestamp":"2025-08-13 00:03:21"}
{"level":"info","message":"QR code atualizado","service":"sacs-backend-node","timestamp":"2025-08-13 00:03:41"}
{"level":"info","message":"QR code atualizado","service":"sacs-backend-node","timestamp":"2025-08-13 00:04:01"}
{"level":"info","message":"QR code atualizado","service":"sacs-backend-node","timestamp":"2025-08-13 00:05:13"}
{"level":"info","message":"QR code atualizado","service":"sacs-backend-node","timestamp":"2025-08-13 00:06:13"}
{"level":"info","message":"QR code atualizado","service":"sacs-backend-node","timestamp":"2025-08-13 00:06:33"}
{"level":"info","message":"QR code atualizado","service":"sacs-backend-node","timestamp":"2025-08-13 00:06:53"}
{"level":"info","message":"QR code atualizado","service":"sacs-backend-node","timestamp":"2025-08-13 00:07:13"}
{"level":"info","message":"QR code atualizado","service":"sacs-backend-node","timestamp":"2025-08-13 00:07:33"}
{"level":"info","message":"QR code atualizado","service":"sacs-backend-node","timestamp":"2025-08-13 00:08:44"}
{"level":"info","message":"QR code atualizado","service":"sacs-backend-node","timestamp":"2025-08-13 00:09:44"}
{"level":"info","message":"QR code atualizado","service":"sacs-backend-node","timestamp":"2025-08-13 00:10:04"}
{"level":"info","message":"QR code atualizado","service":"sacs-backend-node","timestamp":"2025-08-13 00:10:24"}
{"level":"info","message":"QR code atualizado","service":"sacs-backend-node","timestamp":"2025-08-13 00:10:44"}
{"level":"info","message":"QR code atualizado","service":"sacs-backend-node","timestamp":"2025-08-13 00:11:04"}
{"level":"info","message":"QR code atualizado","service":"sacs-backend-node","timestamp":"2025-08-13 00:12:15"}
{"level":"info","message":"QR code atualizado","service":"sacs-backend-node","timestamp":"2025-08-13 00:13:15"}
{"level":"info","message":"QR code atualizado","service":"sacs-backend-node","timestamp":"2025-08-13 00:13:35"}
{"level":"info","message":"QR code atualizado","service":"sacs-backend-node","timestamp":"2025-08-13 00:13:55"}
{"level":"info","message":"QR code atualizado","service":"sacs-backend-node","timestamp":"2025-08-13 00:14:15"}
{"level":"info","message":"QR code atualizado","service":"sacs-backend-node","timestamp":"2025-08-13 00:14:35"}
{"level":"info","message":"QR code atualizado","service":"sacs-backend-node","timestamp":"2025-08-13 00:15:46"}
{"level":"info","message":"QR code atualizado","service":"sacs-backend-node","timestamp":"2025-08-13 00:16:46"}
{"level":"info","message":"QR code atualizado","service":"sacs-backend-node","timestamp":"2025-08-13 00:17:06"}
{"level":"info","message":"QR code atualizado","service":"sacs-backend-node","timestamp":"2025-08-13 00:17:26"}
{"level":"info","message":"QR code atualizado","service":"sacs-backend-node","timestamp":"2025-08-13 00:17:46"}
{"level":"info","message":"QR code atualizado","service":"sacs-backend-node","timestamp":"2025-08-13 00:18:06"}
{"level":"info","message":"QR code atualizado","service":"sacs-backend-node","timestamp":"2025-08-13 00:19:17"}
{"level":"info","message":"QR code atualizado","service":"sacs-backend-node","timestamp":"2025-08-13 00:20:17"}
{"level":"info","message":"QR code atualizado","service":"sacs-backend-node","timestamp":"2025-08-13 00:20:37"}
{"level":"info","message":"QR code atualizado","service":"sacs-backend-node","timestamp":"2025-08-13 00:20:57"}
{"level":"info","message":"QR code atualizado","service":"sacs-backend-node","timestamp":"2025-08-13 00:21:17"}
{"level":"info","message":"QR code atualizado","service":"sacs-backend-node","timestamp":"2025-08-13 00:21:37"}
{"level":"info","message":"QR code atualizado","service":"sacs-backend-node","timestamp":"2025-08-13 00:22:49"}
{"level":"info","message":"QR code atualizado","service":"sacs-backend-node","timestamp":"2025-08-13 00:23:49"}
{"level":"info","message":"QR code atualizado","service":"sacs-backend-node","timestamp":"2025-08-13 00:24:09"}
{"level":"info","message":"QR code atualizado","service":"sacs-backend-node","timestamp":"2025-08-13 00:24:29"}
{"level":"info","message":"QR code atualizado","service":"sacs-backend-node","timestamp":"2025-08-13 00:24:49"}
{"level":"info","message":"QR code atualizado","service":"sacs-backend-node","timestamp":"2025-08-13 00:25:09"}
{"level":"info","message":"QR code atualizado","service":"sacs-backend-node","timestamp":"2025-08-13 00:26:20"}
{"level":"info","message":"QR code atualizado","service":"sacs-backend-node","timestamp":"2025-08-13 00:27:20"}
{"level":"info","message":"QR code atualizado","service":"sacs-backend-node","timestamp":"2025-08-13 00:27:40"}
{"level":"info","message":"QR code atualizado","service":"sacs-backend-node","timestamp":"2025-08-13 00:28:00"}
{"level":"info","message":"QR code atualizado","service":"sacs-backend-node","timestamp":"2025-08-13 00:28:20"}
{"level":"info","message":"QR code atualizado","service":"sacs-backend-node","timestamp":"2025-08-13 00:28:40"}
{"level":"info","message":"QR code atualizado","service":"sacs-backend-node","timestamp":"2025-08-13 00:29:51"}
{"level":"info","message":"QR code atualizado","service":"sacs-backend-node","timestamp":"2025-08-13 00:30:51"}
{"level":"info","message":"QR code atualizado","service":"sacs-backend-node","timestamp":"2025-08-13 00:31:11"}
{"level":"info","message":"QR code atualizado","service":"sacs-backend-node","timestamp":"2025-08-13 00:31:31"}
{"level":"info","message":"QR code atualizado","service":"sacs-backend-node","timestamp":"2025-08-13 00:31:51"}
{"level":"info","message":"QR code atualizado","service":"sacs-backend-node","timestamp":"2025-08-13 00:32:11"}
{"level":"info","message":"QR code atualizado","service":"sacs-backend-node","timestamp":"2025-08-13 00:33:21"}
{"level":"info","message":"QR code atualizado","service":"sacs-backend-node","timestamp":"2025-08-13 00:34:21"}
{"level":"info","message":"QR code atualizado","service":"sacs-backend-node","timestamp":"2025-08-13 00:34:41"}
{"level":"info","message":"QR code atualizado","service":"sacs-backend-node","timestamp":"2025-08-13 00:35:01"}
{"level":"info","message":"QR code atualizado","service":"sacs-backend-node","timestamp":"2025-08-13 00:35:21"}
{"level":"info","message":"QR code atualizado","service":"sacs-backend-node","timestamp":"2025-08-13 00:35:41"}
{"level":"info","message":"QR code atualizado","service":"sacs-backend-node","timestamp":"2025-08-13 00:36:53"}
{"level":"info","message":"QR code atualizado","service":"sacs-backend-node","timestamp":"2025-08-13 00:37:53"}
{"level":"info","message":"QR code atualizado","service":"sacs-backend-node","timestamp":"2025-08-13 00:38:13"}
{"level":"info","message":"QR code atualizado","service":"sacs-backend-node","timestamp":"2025-08-13 00:38:33"}
{"level":"info","message":"QR code atualizado","service":"sacs-backend-node","timestamp":"2025-08-13 00:38:53"}
{"level":"info","message":"QR code atualizado","service":"sacs-backend-node","timestamp":"2025-08-13 00:39:13"}
{"level":"info","message":"QR code atualizado","service":"sacs-backend-node","timestamp":"2025-08-13 00:40:24"}
{"level":"info","message":"QR code atualizado","service":"sacs-backend-node","timestamp":"2025-08-13 00:41:24"}
{"level":"info","message":"QR code atualizado","service":"sacs-backend-node","timestamp":"2025-08-13 00:41:44"}
{"level":"info","message":"QR code atualizado","service":"sacs-backend-node","timestamp":"2025-08-13 00:42:04"}
{"level":"info","message":"QR code atualizado","service":"sacs-backend-node","timestamp":"2025-08-13 00:42:24"}
{"level":"info","message":"QR code atualizado","service":"sacs-backend-node","timestamp":"2025-08-13 00:42:44"}
{"level":"info","message":"QR code atualizado","service":"sacs-backend-node","timestamp":"2025-08-13 00:43:55"}
{"level":"info","message":"QR code atualizado","service":"sacs-backend-node","timestamp":"2025-08-13 00:44:55"}
{"level":"info","message":"QR code atualizado","service":"sacs-backend-node","timestamp":"2025-08-13 00:45:15"}
{"level":"info","message":"QR code atualizado","service":"sacs-backend-node","timestamp":"2025-08-13 00:45:35"}
{"level":"info","message":"QR code atualizado","service":"sacs-backend-node","timestamp":"2025-08-13 00:45:55"}
{"level":"info","message":"QR code atualizado","service":"sacs-backend-node","timestamp":"2025-08-13 00:46:15"}
{"level":"info","message":"QR code atualizado","service":"sacs-backend-node","timestamp":"2025-08-13 00:47:26"}
{"level":"info","message":"QR code atualizado","service":"sacs-backend-node","timestamp":"2025-08-13 00:48:26"}
{"level":"info","message":"QR code atualizado","service":"sacs-backend-node","timestamp":"2025-08-13 00:48:46"}
{"level":"info","message":"QR code atualizado","service":"sacs-backend-node","timestamp":"2025-08-13 00:49:06"}
{"level":"info","message":"QR code atualizado","service":"sacs-backend-node","timestamp":"2025-08-13 00:49:26"}
{"level":"info","message":"QR code atualizado","service":"sacs-backend-node","timestamp":"2025-08-13 00:49:46"}
{"level":"info","message":"QR code atualizado","service":"sacs-backend-node","timestamp":"2025-08-13 00:50:57"}
{"level":"info","message":"QR code atualizado","service":"sacs-backend-node","timestamp":"2025-08-13 00:51:57"}
{"level":"info","message":"QR code atualizado","service":"sacs-backend-node","timestamp":"2025-08-13 00:52:17"}
{"level":"info","message":"QR code atualizado","service":"sacs-backend-node","timestamp":"2025-08-13 00:52:37"}
{"level":"info","message":"QR code atualizado","service":"sacs-backend-node","timestamp":"2025-08-13 00:52:57"}
{"level":"info","message":"QR code atualizado","service":"sacs-backend-node","timestamp":"2025-08-13 00:53:17"}
{"level":"info","message":"QR code atualizado","service":"sacs-backend-node","timestamp":"2025-08-13 00:54:27"}
{"level":"info","message":"QR code atualizado","service":"sacs-backend-node","timestamp":"2025-08-13 00:55:27"}
{"level":"info","message":"QR code atualizado","service":"sacs-backend-node","timestamp":"2025-08-13 00:55:47"}
{"level":"info","message":"QR code atualizado","service":"sacs-backend-node","timestamp":"2025-08-13 00:56:07"}
{"level":"info","message":"QR code atualizado","service":"sacs-backend-node","timestamp":"2025-08-13 00:56:27"}
{"level":"info","message":"QR code atualizado","service":"sacs-backend-node","timestamp":"2025-08-13 00:56:47"}
{"level":"info","message":"QR code atualizado","service":"sacs-backend-node","timestamp":"2025-08-13 00:57:58"}
{"level":"info","message":"QR code atualizado","service":"sacs-backend-node","timestamp":"2025-08-13 00:58:58"}
{"level":"info","message":"QR code atualizado","service":"sacs-backend-node","timestamp":"2025-08-13 00:59:18"}
{"level":"info","message":"QR code atualizado","service":"sacs-backend-node","timestamp":"2025-08-13 00:59:38"}
{"level":"info","message":"QR code atualizado","service":"sacs-backend-node","timestamp":"2025-08-13 00:59:59"}
{"level":"info","message":"QR code atualizado","service":"sacs-backend-node","timestamp":"2025-08-13 01:00:19"}
{"level":"info","message":"QR code atualizado","service":"sacs-backend-node","timestamp":"2025-08-13 01:01:29"}
{"level":"warn","message":"DEV_FAKE_AUTH=1 ativo: usando usuário fake em memória para desenvolvimento. NÃO usar em produção.","service":"sacs-backend-node","timestamp":"2025-08-13 14:11:47"}
{"level":"info","message":"SACS Node server rodando em http://127.0.0.1:3000","service":"sacs-backend-node","timestamp":"2025-08-13 14:11:47"}
{"level":"error","message":"Erro ao inicializar cliente WhatsApp: Could not find expected browser (chrome) locally. Run `npm install` to download the correct Chromium revision (1045629).","service":"sacs-backend-node","timestamp":"2025-08-13 14:11:47"}
{"level":"warn","message":"DEV_FAKE_AUTH=1 ativo: usando usuário fake em memória para desenvolvimento. NÃO usar em produção.","service":"sacs-backend-node","timestamp":"2025-08-13 14:14:42"}
{"level":"info","message":"SACS Node server rodando em http://127.0.0.1:3000","service":"sacs-backend-node","timestamp":"2025-08-13 14:14:43"}
{"level":"error","message":"Erro ao inicializar cliente WhatsApp: Could not find expected browser (chrome) locally. Run `npm install` to download the correct Chromium revision (1045629).","service":"sacs-backend-node","timestamp":"2025-08-13 14:14:43"}
{"level":"warn","message":"DEV_FAKE_AUTH=1 ativo: usando usuário fake em memória para desenvolvimento. NÃO usar em produção.","service":"sacs-backend-node","timestamp":"2025-08-13 14:47:26"}
{"level":"info","message":"SACS Node server rodando em http://127.0.0.1:3000","service":"sacs-backend-node","timestamp":"2025-08-13 14:47:26"}
{"level":"error","message":"Erro ao inicializar cliente WhatsApp: Could not find expected browser (chrome) locally. Run `npm install` to download the correct Chromium revision (1045629).","service":"sacs-backend-node","timestamp":"2025-08-13 14:47:26"}
{"level":"warn","message":"DEV_FAKE_AUTH=1 ativo: usando usuário fake em memória para desenvolvimento. NÃO usar em produção.","service":"sacs-backend-node","timestamp":"2025-08-13 15:38:34"}
{"level":"info","message":"SACS Node server rodando em http://127.0.0.1:3000","service":"sacs-backend-node","timestamp":"2025-08-13 15:38:34"}
{"level":"error","message":"Erro ao inicializar cliente WhatsApp: Could not find expected browser (chrome) locally. Run `npm install` to download the correct Chromium revision (1045629).","service":"sacs-backend-node","timestamp":"2025-08-13 15:38:34"}
{"level":"warn","message":"DEV_FAKE_AUTH=1 ativo: usando usuário fake em memória para desenvolvimento. NÃO usar em produção.","service":"sacs-backend-node","timestamp":"2025-08-13 16:03:16"}
{"level":"info","message":"SACS Node server rodando em http://127.0.0.1:3000","service":"sacs-backend-node","timestamp":"2025-08-13 16:03:17"}
{"level":"info","message":"QR code atualizado","service":"sacs-backend-node","timestamp":"2025-08-13 16:03:36"}
{"level":"info","message":"QR code atualizado","service":"sacs-backend-node","timestamp":"2025-08-13 16:04:35"}
{"body":"{username:admin,password:senha123}","expose":true,"level":"error","message":"Unexpected token u in JSON at position 1","service":"sacs-backend-node","stack":"SyntaxError: Unexpected token u in JSON at position 1\n    at JSON.parse (<anonymous>)\n    at parse (/home/cloud/Área de trabalho/SACS/sacs/backend/node/node_modules/body-parser/lib/types/json.js:92:19)\n    at /home/cloud/Área de trabalho/SACS/sacs/backend/node/node_modules/body-parser/lib/read.js:128:18\n    at AsyncResource.runInAsyncScope (node:async_hooks:203:9)\n    at invokeCallback (/home/cloud/Área de trabalho/SACS/sacs/backend/node/node_modules/raw-body/index.js:238:16)\n    at done (/home/cloud/Área de trabalho/SACS/sacs/backend/node/node_modules/raw-body/index.js:227:7)\n    at IncomingMessage.onEnd (/home/cloud/Área de trabalho/SACS/sacs/backend/node/node_modules/raw-body/index.js:287:7)\n    at IncomingMessage.emit (node:events:517:28)\n    at endReadableNT (node:internal/streams/readable:1400:12)\n    at process.processTicksAndRejections (node:internal/process/task_queues:82:21)","status":400,"statusCode":400,"timestamp":"2025-08-13 16:04:49","type":"entity.parse.failed"}
{"level":"info","message":"QR code atualizado","service":"sacs-backend-node","timestamp":"2025-08-13 16:04:55"}
{"level":"info","message":"QR code atualizado","service":"sacs-backend-node","timestamp":"2025-08-13 16:05:15"}
{"level":"info","message":"QR code atualizado","service":"sacs-backend-node","timestamp":"2025-08-13 16:05:35"}
{"level":"info","message":"QR code atualizado","service":"sacs-backend-node","timestamp":"2025-08-13 16:05:55"}
{"level":"info","message":"QR code atualizado","service":"sacs-backend-node","timestamp":"2025-08-13 16:07:07"}
{"level":"info","message":"QR code atualizado","service":"sacs-backend-node","timestamp":"2025-08-13 16:08:07"}
{"level":"info","message":"QR code atualizado","service":"sacs-backend-node","timestamp":"2025-08-13 16:08:27"}
{"level":"info","message":"QR code atualizado","service":"sacs-backend-node","timestamp":"2025-08-13 16:08:47"}
{"level":"info","message":"QR code atualizado","service":"sacs-backend-node","timestamp":"2025-08-13 16:09:07"}
{"level":"info","message":"QR code atualizado","service":"sacs-backend-node","timestamp":"2025-08-13 16:09:27"}
{"level":"info","message":"QR code atualizado","service":"sacs-backend-node","timestamp":"2025-08-13 16:10:38"}
{"level":"info","message":"QR code atualizado","service":"sacs-backend-node","timestamp":"2025-08-13 16:11:38"}
{"level":"info","message":"QR code atualizado","service":"sacs-backend-node","timestamp":"2025-08-13 16:11:58"}
{"level":"info","message":"QR code atualizado","service":"sacs-backend-node","timestamp":"2025-08-13 16:12:18"}
{"level":"info","message":"QR code atualizado","service":"sacs-backend-node","timestamp":"2025-08-13 16:12:38"}
{"level":"info","message":"QR code atualizado","service":"sacs-backend-node","timestamp":"2025-08-13 16:12:58"}
{"level":"info","message":"QR code atualizado","service":"sacs-backend-node","timestamp":"2025-08-13 16:14:09"}
{"level":"info","message":"QR code atualizado","service":"sacs-backend-node","timestamp":"2025-08-13 16:15:09"}
{"level":"info","message":"QR code atualizado","service":"sacs-backend-node","timestamp":"2025-08-13 16:15:29"}
{"level":"info","message":"QR code atualizado","service":"sacs-backend-node","timestamp":"2025-08-13 16:15:49"}
{"level":"info","message":"QR code atualizado","service":"sacs-backend-node","timestamp":"2025-08-13 16:16:09"}
{"level":"info","message":"QR code atualizado","service":"sacs-backend-node","timestamp":"2025-08-13 16:16:29"}
{"level":"info","message":"QR code atualizado","service":"sacs-backend-node","timestamp":"2025-08-13 16:17:41"}
{"level":"info","message":"QR code atualizado","service":"sacs-backend-node","timestamp":"2025-08-13 16:18:41"}
{"level":"info","message":"QR code atualizado","service":"sacs-backend-node","timestamp":"2025-08-13 16:19:01"}
{"level":"info","message":"QR code atualizado","service":"sacs-backend-node","timestamp":"2025-08-13 16:19:21"}
{"level":"info","message":"QR code atualizado","service":"sacs-backend-node","timestamp":"2025-08-13 16:19:41"}
{"level":"info","message":"QR code atualizado","service":"sacs-backend-node","timestamp":"2025-08-13 16:20:01"}
{"level":"info","message":"QR code atualizado","service":"sacs-backend-node","timestamp":"2025-08-13 16:21:12"}
{"level":"info","message":"QR code atualizado","service":"sacs-backend-node","timestamp":"2025-08-13 16:22:12"}
{"level":"info","message":"QR code atualizado","service":"sacs-backend-node","timestamp":"2025-08-13 16:22:32"}
{"level":"info","message":"QR code atualizado","service":"sacs-backend-node","timestamp":"2025-08-13 16:22:52"}
{"level":"info","message":"QR code atualizado","service":"sacs-backend-node","timestamp":"2025-08-13 16:23:12"}
{"level":"info","message":"QR code atualizado","service":"sacs-backend-node","timestamp":"2025-08-13 16:23:32"}
{"level":"info","message":"QR code atualizado","service":"sacs-backend-node","timestamp":"2025-08-13 16:24:43"}
{"level":"info","message":"QR code atualizado","service":"sacs-backend-node","timestamp":"2025-08-13 16:25:43"}
